2023-12-11T03:33:08.978Z - error: [gme:server:standalone:WebSocket] Error: Not authorized to read project [guest+othelloGame]
    at /Users/titoebiwonjumi/Documents/Vanderbilt Courses/Fall 2023/ModelIntegratedComputing/mic-miniproject/node_modules/webgme-engine/src/server/storage/safestorage.js:560:27
    at _fulfilled (/Users/titoebiwonjumi/Documents/Vanderbilt Courses/Fall 2023/ModelIntegratedComputing/mic-miniproject/node_modules/q/q.js:854:54)
    at /Users/titoebiwonjumi/Documents/Vanderbilt Courses/Fall 2023/ModelIntegratedComputing/mic-miniproject/node_modules/q/q.js:883:30
    at Promise.promise.promiseDispatch (/Users/titoebiwonjumi/Documents/Vanderbilt Courses/Fall 2023/ModelIntegratedComputing/mic-miniproject/node_modules/q/q.js:816:13)
    at /Users/titoebiwonjumi/Documents/Vanderbilt Courses/Fall 2023/ModelIntegratedComputing/mic-miniproject/node_modules/q/q.js:624:44
    at runSingle (/Users/titoebiwonjumi/Documents/Vanderbilt Courses/Fall 2023/ModelIntegratedComputing/mic-miniproject/node_modules/q/q.js:137:13)
    at flush (/Users/titoebiwonjumi/Documents/Vanderbilt Courses/Fall 2023/ModelIntegratedComputing/mic-miniproject/node_modules/q/q.js:125:13)
    at process.processTicksAndRejections (node:internal/process/task_queues:77:11) 
 Error: Caught by
    at /Users/titoebiwonjumi/Documents/Vanderbilt Courses/Fall 2023/ModelIntegratedComputing/mic-miniproject/node_modules/webgme-engine/src/server/storage/websocket.js:436:56
    at _rejected (/Users/titoebiwonjumi/Documents/Vanderbilt Courses/Fall 2023/ModelIntegratedComputing/mic-miniproject/node_modules/q/q.js:864:24)
    at /Users/titoebiwonjumi/Documents/Vanderbilt Courses/Fall 2023/ModelIntegratedComputing/mic-miniproject/node_modules/q/q.js:890:30
    at Promise.when (/Users/titoebiwonjumi/Documents/Vanderbilt Courses/Fall 2023/ModelIntegratedComputing/mic-miniproject/node_modules/q/q.js:1142:31)
    at Promise.promise.promiseDispatch (/Users/titoebiwonjumi/Documents/Vanderbilt Courses/Fall 2023/ModelIntegratedComputing/mic-miniproject/node_modules/q/q.js:808:41)
    at /Users/titoebiwonjumi/Documents/Vanderbilt Courses/Fall 2023/ModelIntegratedComputing/mic-miniproject/node_modules/q/q.js:624:44
    at runSingle (/Users/titoebiwonjumi/Documents/Vanderbilt Courses/Fall 2023/ModelIntegratedComputing/mic-miniproject/node_modules/q/q.js:137:13)
    at flush (/Users/titoebiwonjumi/Documents/Vanderbilt Courses/Fall 2023/ModelIntegratedComputing/mic-miniproject/node_modules/q/q.js:125:13)
    at process.processTicksAndRejections (node:internal/process/task_queues:77:11)
2023-12-11T04:28:12.973Z - error: [gme:server:standalone:WebSocket] Error: Not authorized to read project [guest+test]
    at /Users/titoebiwonjumi/Documents/Vanderbilt Courses/Fall 2023/ModelIntegratedComputing/mic-miniproject/node_modules/webgme-engine/src/server/storage/safestorage.js:560:27
    at _fulfilled (/Users/titoebiwonjumi/Documents/Vanderbilt Courses/Fall 2023/ModelIntegratedComputing/mic-miniproject/node_modules/q/q.js:854:54)
    at /Users/titoebiwonjumi/Documents/Vanderbilt Courses/Fall 2023/ModelIntegratedComputing/mic-miniproject/node_modules/q/q.js:883:30
    at Promise.promise.promiseDispatch (/Users/titoebiwonjumi/Documents/Vanderbilt Courses/Fall 2023/ModelIntegratedComputing/mic-miniproject/node_modules/q/q.js:816:13)
    at /Users/titoebiwonjumi/Documents/Vanderbilt Courses/Fall 2023/ModelIntegratedComputing/mic-miniproject/node_modules/q/q.js:624:44
    at runSingle (/Users/titoebiwonjumi/Documents/Vanderbilt Courses/Fall 2023/ModelIntegratedComputing/mic-miniproject/node_modules/q/q.js:137:13)
    at flush (/Users/titoebiwonjumi/Documents/Vanderbilt Courses/Fall 2023/ModelIntegratedComputing/mic-miniproject/node_modules/q/q.js:125:13)
    at process.processTicksAndRejections (node:internal/process/task_queues:77:11) 
 Error: Caught by
    at /Users/titoebiwonjumi/Documents/Vanderbilt Courses/Fall 2023/ModelIntegratedComputing/mic-miniproject/node_modules/webgme-engine/src/server/storage/websocket.js:436:56
    at _rejected (/Users/titoebiwonjumi/Documents/Vanderbilt Courses/Fall 2023/ModelIntegratedComputing/mic-miniproject/node_modules/q/q.js:864:24)
    at /Users/titoebiwonjumi/Documents/Vanderbilt Courses/Fall 2023/ModelIntegratedComputing/mic-miniproject/node_modules/q/q.js:890:30
    at Promise.when (/Users/titoebiwonjumi/Documents/Vanderbilt Courses/Fall 2023/ModelIntegratedComputing/mic-miniproject/node_modules/q/q.js:1142:31)
    at Promise.promise.promiseDispatch (/Users/titoebiwonjumi/Documents/Vanderbilt Courses/Fall 2023/ModelIntegratedComputing/mic-miniproject/node_modules/q/q.js:808:41)
    at /Users/titoebiwonjumi/Documents/Vanderbilt Courses/Fall 2023/ModelIntegratedComputing/mic-miniproject/node_modules/q/q.js:624:44
    at runSingle (/Users/titoebiwonjumi/Documents/Vanderbilt Courses/Fall 2023/ModelIntegratedComputing/mic-miniproject/node_modules/q/q.js:137:13)
    at flush (/Users/titoebiwonjumi/Documents/Vanderbilt Courses/Fall 2023/ModelIntegratedComputing/mic-miniproject/node_modules/q/q.js:125:13)
    at process.processTicksAndRejections (node:internal/process/task_queues:77:11)
2023-12-11T04:30:27.189Z - error: [gme:server:worker:simpleworker:pid_70126:WorkerFunctions] plugin [othelloAuto] failed with error message=Tried loading "webgme-bindings" at /Users/titoebiwonjumi/Documents/Vanderbilt Courses/Fall 2023/ModelIntegratedComputing/mic-miniproject/node_modules/webgme-engine/src/webgme-bindings.js then tried node's require("webgme-bindings") and it failed with error: Error: Cannot find module 'webgme-bindings'
Require stack:
- /Users/titoebiwonjumi/Documents/Vanderbilt Courses/Fall 2023/ModelIntegratedComputing/mic-miniproject/node_modules/webgme-engine/index.js
- /Users/titoebiwonjumi/Documents/Vanderbilt Courses/Fall 2023/ModelIntegratedComputing/mic-miniproject/node_modules/webgme-engine/src/server/worker/simpleworker.js, stack=Error: Tried loading "webgme-bindings" at /Users/titoebiwonjumi/Documents/Vanderbilt Courses/Fall 2023/ModelIntegratedComputing/mic-miniproject/node_modules/webgme-engine/src/webgme-bindings.js then tried node's require("webgme-bindings") and it failed with error: Error: Cannot find module 'webgme-bindings'
Require stack:
- /Users/titoebiwonjumi/Documents/Vanderbilt Courses/Fall 2023/ModelIntegratedComputing/mic-miniproject/node_modules/webgme-engine/index.js
- /Users/titoebiwonjumi/Documents/Vanderbilt Courses/Fall 2023/ModelIntegratedComputing/mic-miniproject/node_modules/webgme-engine/src/server/worker/simpleworker.js
    at /Users/titoebiwonjumi/Documents/Vanderbilt Courses/Fall 2023/ModelIntegratedComputing/mic-miniproject/node_modules/requirejs/bin/r.js:2600:27
    at Object.execCb (/Users/titoebiwonjumi/Documents/Vanderbilt Courses/Fall 2023/ModelIntegratedComputing/mic-miniproject/node_modules/requirejs/bin/r.js:1946:33)
    at Module.check (/Users/titoebiwonjumi/Documents/Vanderbilt Courses/Fall 2023/ModelIntegratedComputing/mic-miniproject/node_modules/requirejs/bin/r.js:1133:51)
    at Module.enable (/Users/titoebiwonjumi/Documents/Vanderbilt Courses/Fall 2023/ModelIntegratedComputing/mic-miniproject/node_modules/requirejs/bin/r.js:1426:22)
    at Object.enable (/Users/titoebiwonjumi/Documents/Vanderbilt Courses/Fall 2023/ModelIntegratedComputing/mic-miniproject/node_modules/requirejs/bin/r.js:1807:39)
    at req.get (/Users/titoebiwonjumi/Documents/Vanderbilt Courses/Fall 2023/ModelIntegratedComputing/mic-miniproject/node_modules/requirejs/bin/r.js:2524:33)
    at Object.localRequire [as require] (/Users/titoebiwonjumi/Documents/Vanderbilt Courses/Fall 2023/ModelIntegratedComputing/mic-miniproject/node_modules/requirejs/bin/r.js:1678:40)
    at requirejs (/Users/titoebiwonjumi/Documents/Vanderbilt Courses/Fall 2023/ModelIntegratedComputing/mic-miniproject/node_modules/requirejs/bin/r.js:2047:24)
    at othelloAuto.main (/Users/titoebiwonjumi/Documents/Vanderbilt Courses/Fall 2023/ModelIntegratedComputing/mic-miniproject/src/plugins/othelloAuto/othelloAuto.js:65:25)
    at result (/Users/titoebiwonjumi/Documents/Vanderbilt Courses/Fall 2023/ModelIntegratedComputing/mic-miniproject/node_modules/webgme-engine/src/plugin/managerbase.js:314:32), code=MODULE_NOT_FOUND, requireStack=[/Users/titoebiwonjumi/Documents/Vanderbilt Courses/Fall 2023/ModelIntegratedComputing/mic-miniproject/node_modules/webgme-engine/index.js, /Users/titoebiwonjumi/Documents/Vanderbilt Courses/Fall 2023/ModelIntegratedComputing/mic-miniproject/node_modules/webgme-engine/src/server/worker/simpleworker.js], moduleName=webgme-bindings, requireModules=[webgme-bindings]
2023-12-11T04:30:36.821Z - error: [gme:server:worker:simpleworker:pid_70126:WorkerFunctions] plugin [othelloAuto] failed with error message=Cannot read properties of undefined (reading 'CoreZMQ'), stack=TypeError: Cannot read properties of undefined (reading 'CoreZMQ')
    at othelloAuto.main (/Users/titoebiwonjumi/Documents/Vanderbilt Courses/Fall 2023/ModelIntegratedComputing/mic-miniproject/src/plugins/othelloAuto/othelloAuto.js:65:51)
    at result (/Users/titoebiwonjumi/Documents/Vanderbilt Courses/Fall 2023/ModelIntegratedComputing/mic-miniproject/node_modules/webgme-engine/src/plugin/managerbase.js:314:32)
    at new Promise (<anonymous>)
    at PluginManagerBase.runPluginMain (/Users/titoebiwonjumi/Documents/Vanderbilt Courses/Fall 2023/ModelIntegratedComputing/mic-miniproject/node_modules/webgme-engine/src/plugin/managerbase.js:313:36)
    at /Users/titoebiwonjumi/Documents/Vanderbilt Courses/Fall 2023/ModelIntegratedComputing/mic-miniproject/node_modules/webgme-engine/src/server/worker/workerrequests.js:299:31
    at _fulfilled (/Users/titoebiwonjumi/Documents/Vanderbilt Courses/Fall 2023/ModelIntegratedComputing/mic-miniproject/node_modules/q/q.js:854:54)
    at /Users/titoebiwonjumi/Documents/Vanderbilt Courses/Fall 2023/ModelIntegratedComputing/mic-miniproject/node_modules/q/q.js:883:30
    at Promise.promise.promiseDispatch (/Users/titoebiwonjumi/Documents/Vanderbilt Courses/Fall 2023/ModelIntegratedComputing/mic-miniproject/node_modules/q/q.js:816:13)
    at /Users/titoebiwonjumi/Documents/Vanderbilt Courses/Fall 2023/ModelIntegratedComputing/mic-miniproject/node_modules/q/q.js:624:44
    at runSingle (/Users/titoebiwonjumi/Documents/Vanderbilt Courses/Fall 2023/ModelIntegratedComputing/mic-miniproject/node_modules/q/q.js:137:13)
2023-12-11T04:30:38.799Z - error: [gme:server:worker:simpleworker:pid_70126:WorkerFunctions] plugin [othelloAuto] failed with error message=Cannot read properties of undefined (reading 'CoreZMQ'), stack=TypeError: Cannot read properties of undefined (reading 'CoreZMQ')
    at othelloAuto.main (/Users/titoebiwonjumi/Documents/Vanderbilt Courses/Fall 2023/ModelIntegratedComputing/mic-miniproject/src/plugins/othelloAuto/othelloAuto.js:65:51)
    at result (/Users/titoebiwonjumi/Documents/Vanderbilt Courses/Fall 2023/ModelIntegratedComputing/mic-miniproject/node_modules/webgme-engine/src/plugin/managerbase.js:314:32)
    at new Promise (<anonymous>)
    at PluginManagerBase.runPluginMain (/Users/titoebiwonjumi/Documents/Vanderbilt Courses/Fall 2023/ModelIntegratedComputing/mic-miniproject/node_modules/webgme-engine/src/plugin/managerbase.js:313:36)
    at /Users/titoebiwonjumi/Documents/Vanderbilt Courses/Fall 2023/ModelIntegratedComputing/mic-miniproject/node_modules/webgme-engine/src/server/worker/workerrequests.js:299:31
    at _fulfilled (/Users/titoebiwonjumi/Documents/Vanderbilt Courses/Fall 2023/ModelIntegratedComputing/mic-miniproject/node_modules/q/q.js:854:54)
    at /Users/titoebiwonjumi/Documents/Vanderbilt Courses/Fall 2023/ModelIntegratedComputing/mic-miniproject/node_modules/q/q.js:883:30
    at Promise.promise.promiseDispatch (/Users/titoebiwonjumi/Documents/Vanderbilt Courses/Fall 2023/ModelIntegratedComputing/mic-miniproject/node_modules/q/q.js:816:13)
    at /Users/titoebiwonjumi/Documents/Vanderbilt Courses/Fall 2023/ModelIntegratedComputing/mic-miniproject/node_modules/q/q.js:624:44
    at runSingle (/Users/titoebiwonjumi/Documents/Vanderbilt Courses/Fall 2023/ModelIntegratedComputing/mic-miniproject/node_modules/q/q.js:137:13)
2023-12-11T04:30:44.030Z - error: [gme:server:worker:simpleworker:pid_70126:WorkerFunctions] plugin [othelloAuto] failed with error message=Cannot read properties of undefined (reading 'CoreZMQ'), stack=TypeError: Cannot read properties of undefined (reading 'CoreZMQ')
    at othelloAuto.main (/Users/titoebiwonjumi/Documents/Vanderbilt Courses/Fall 2023/ModelIntegratedComputing/mic-miniproject/src/plugins/othelloAuto/othelloAuto.js:65:51)
    at result (/Users/titoebiwonjumi/Documents/Vanderbilt Courses/Fall 2023/ModelIntegratedComputing/mic-miniproject/node_modules/webgme-engine/src/plugin/managerbase.js:314:32)
    at new Promise (<anonymous>)
    at PluginManagerBase.runPluginMain (/Users/titoebiwonjumi/Documents/Vanderbilt Courses/Fall 2023/ModelIntegratedComputing/mic-miniproject/node_modules/webgme-engine/src/plugin/managerbase.js:313:36)
    at /Users/titoebiwonjumi/Documents/Vanderbilt Courses/Fall 2023/ModelIntegratedComputing/mic-miniproject/node_modules/webgme-engine/src/server/worker/workerrequests.js:299:31
    at _fulfilled (/Users/titoebiwonjumi/Documents/Vanderbilt Courses/Fall 2023/ModelIntegratedComputing/mic-miniproject/node_modules/q/q.js:854:54)
    at /Users/titoebiwonjumi/Documents/Vanderbilt Courses/Fall 2023/ModelIntegratedComputing/mic-miniproject/node_modules/q/q.js:883:30
    at Promise.promise.promiseDispatch (/Users/titoebiwonjumi/Documents/Vanderbilt Courses/Fall 2023/ModelIntegratedComputing/mic-miniproject/node_modules/q/q.js:816:13)
    at /Users/titoebiwonjumi/Documents/Vanderbilt Courses/Fall 2023/ModelIntegratedComputing/mic-miniproject/node_modules/q/q.js:624:44
    at runSingle (/Users/titoebiwonjumi/Documents/Vanderbilt Courses/Fall 2023/ModelIntegratedComputing/mic-miniproject/node_modules/q/q.js:137:13)
2023-12-11T04:30:44.544Z - error: [gme:server:worker:simpleworker:pid_70126:WorkerFunctions] plugin [othelloAuto] failed with error message=Cannot read properties of undefined (reading 'CoreZMQ'), stack=TypeError: Cannot read properties of undefined (reading 'CoreZMQ')
    at othelloAuto.main (/Users/titoebiwonjumi/Documents/Vanderbilt Courses/Fall 2023/ModelIntegratedComputing/mic-miniproject/src/plugins/othelloAuto/othelloAuto.js:65:51)
    at result (/Users/titoebiwonjumi/Documents/Vanderbilt Courses/Fall 2023/ModelIntegratedComputing/mic-miniproject/node_modules/webgme-engine/src/plugin/managerbase.js:314:32)
    at new Promise (<anonymous>)
    at PluginManagerBase.runPluginMain (/Users/titoebiwonjumi/Documents/Vanderbilt Courses/Fall 2023/ModelIntegratedComputing/mic-miniproject/node_modules/webgme-engine/src/plugin/managerbase.js:313:36)
    at /Users/titoebiwonjumi/Documents/Vanderbilt Courses/Fall 2023/ModelIntegratedComputing/mic-miniproject/node_modules/webgme-engine/src/server/worker/workerrequests.js:299:31
    at _fulfilled (/Users/titoebiwonjumi/Documents/Vanderbilt Courses/Fall 2023/ModelIntegratedComputing/mic-miniproject/node_modules/q/q.js:854:54)
    at /Users/titoebiwonjumi/Documents/Vanderbilt Courses/Fall 2023/ModelIntegratedComputing/mic-miniproject/node_modules/q/q.js:883:30
    at Promise.promise.promiseDispatch (/Users/titoebiwonjumi/Documents/Vanderbilt Courses/Fall 2023/ModelIntegratedComputing/mic-miniproject/node_modules/q/q.js:816:13)
    at /Users/titoebiwonjumi/Documents/Vanderbilt Courses/Fall 2023/ModelIntegratedComputing/mic-miniproject/node_modules/q/q.js:624:44
    at runSingle (/Users/titoebiwonjumi/Documents/Vanderbilt Courses/Fall 2023/ModelIntegratedComputing/mic-miniproject/node_modules/q/q.js:137:13)
2023-12-11T04:30:44.971Z - error: [gme:server:worker:simpleworker:pid_70126:WorkerFunctions] plugin [othelloAuto] failed with error message=Cannot read properties of undefined (reading 'CoreZMQ'), stack=TypeError: Cannot read properties of undefined (reading 'CoreZMQ')
    at othelloAuto.main (/Users/titoebiwonjumi/Documents/Vanderbilt Courses/Fall 2023/ModelIntegratedComputing/mic-miniproject/src/plugins/othelloAuto/othelloAuto.js:65:51)
    at result (/Users/titoebiwonjumi/Documents/Vanderbilt Courses/Fall 2023/ModelIntegratedComputing/mic-miniproject/node_modules/webgme-engine/src/plugin/managerbase.js:314:32)
    at new Promise (<anonymous>)
    at PluginManagerBase.runPluginMain (/Users/titoebiwonjumi/Documents/Vanderbilt Courses/Fall 2023/ModelIntegratedComputing/mic-miniproject/node_modules/webgme-engine/src/plugin/managerbase.js:313:36)
    at /Users/titoebiwonjumi/Documents/Vanderbilt Courses/Fall 2023/ModelIntegratedComputing/mic-miniproject/node_modules/webgme-engine/src/server/worker/workerrequests.js:299:31
    at _fulfilled (/Users/titoebiwonjumi/Documents/Vanderbilt Courses/Fall 2023/ModelIntegratedComputing/mic-miniproject/node_modules/q/q.js:854:54)
    at /Users/titoebiwonjumi/Documents/Vanderbilt Courses/Fall 2023/ModelIntegratedComputing/mic-miniproject/node_modules/q/q.js:883:30
    at Promise.promise.promiseDispatch (/Users/titoebiwonjumi/Documents/Vanderbilt Courses/Fall 2023/ModelIntegratedComputing/mic-miniproject/node_modules/q/q.js:816:13)
    at /Users/titoebiwonjumi/Documents/Vanderbilt Courses/Fall 2023/ModelIntegratedComputing/mic-miniproject/node_modules/q/q.js:624:44
    at runSingle (/Users/titoebiwonjumi/Documents/Vanderbilt Courses/Fall 2023/ModelIntegratedComputing/mic-miniproject/node_modules/q/q.js:137:13)
2023-12-11T04:30:51.471Z - error: [gme:server:worker:simpleworker:pid_70126:WorkerFunctions] plugin [othelloAuto] failed with error message=Cannot read properties of undefined (reading 'CoreZMQ'), stack=TypeError: Cannot read properties of undefined (reading 'CoreZMQ')
    at othelloAuto.main (/Users/titoebiwonjumi/Documents/Vanderbilt Courses/Fall 2023/ModelIntegratedComputing/mic-miniproject/src/plugins/othelloAuto/othelloAuto.js:65:51)
    at result (/Users/titoebiwonjumi/Documents/Vanderbilt Courses/Fall 2023/ModelIntegratedComputing/mic-miniproject/node_modules/webgme-engine/src/plugin/managerbase.js:314:32)
    at new Promise (<anonymous>)
    at PluginManagerBase.runPluginMain (/Users/titoebiwonjumi/Documents/Vanderbilt Courses/Fall 2023/ModelIntegratedComputing/mic-miniproject/node_modules/webgme-engine/src/plugin/managerbase.js:313:36)
    at /Users/titoebiwonjumi/Documents/Vanderbilt Courses/Fall 2023/ModelIntegratedComputing/mic-miniproject/node_modules/webgme-engine/src/server/worker/workerrequests.js:299:31
    at _fulfilled (/Users/titoebiwonjumi/Documents/Vanderbilt Courses/Fall 2023/ModelIntegratedComputing/mic-miniproject/node_modules/q/q.js:854:54)
    at /Users/titoebiwonjumi/Documents/Vanderbilt Courses/Fall 2023/ModelIntegratedComputing/mic-miniproject/node_modules/q/q.js:883:30
    at Promise.promise.promiseDispatch (/Users/titoebiwonjumi/Documents/Vanderbilt Courses/Fall 2023/ModelIntegratedComputing/mic-miniproject/node_modules/q/q.js:816:13)
    at /Users/titoebiwonjumi/Documents/Vanderbilt Courses/Fall 2023/ModelIntegratedComputing/mic-miniproject/node_modules/q/q.js:624:44
    at runSingle (/Users/titoebiwonjumi/Documents/Vanderbilt Courses/Fall 2023/ModelIntegratedComputing/mic-miniproject/node_modules/q/q.js:137:13)
2023-12-11T04:30:51.894Z - error: [gme:server:worker:simpleworker:pid_70126:WorkerFunctions] plugin [othelloAuto] failed with error message=Cannot read properties of undefined (reading 'CoreZMQ'), stack=TypeError: Cannot read properties of undefined (reading 'CoreZMQ')
    at othelloAuto.main (/Users/titoebiwonjumi/Documents/Vanderbilt Courses/Fall 2023/ModelIntegratedComputing/mic-miniproject/src/plugins/othelloAuto/othelloAuto.js:65:51)
    at result (/Users/titoebiwonjumi/Documents/Vanderbilt Courses/Fall 2023/ModelIntegratedComputing/mic-miniproject/node_modules/webgme-engine/src/plugin/managerbase.js:314:32)
    at new Promise (<anonymous>)
    at PluginManagerBase.runPluginMain (/Users/titoebiwonjumi/Documents/Vanderbilt Courses/Fall 2023/ModelIntegratedComputing/mic-miniproject/node_modules/webgme-engine/src/plugin/managerbase.js:313:36)
    at /Users/titoebiwonjumi/Documents/Vanderbilt Courses/Fall 2023/ModelIntegratedComputing/mic-miniproject/node_modules/webgme-engine/src/server/worker/workerrequests.js:299:31
    at _fulfilled (/Users/titoebiwonjumi/Documents/Vanderbilt Courses/Fall 2023/ModelIntegratedComputing/mic-miniproject/node_modules/q/q.js:854:54)
    at /Users/titoebiwonjumi/Documents/Vanderbilt Courses/Fall 2023/ModelIntegratedComputing/mic-miniproject/node_modules/q/q.js:883:30
    at Promise.promise.promiseDispatch (/Users/titoebiwonjumi/Documents/Vanderbilt Courses/Fall 2023/ModelIntegratedComputing/mic-miniproject/node_modules/q/q.js:816:13)
    at /Users/titoebiwonjumi/Documents/Vanderbilt Courses/Fall 2023/ModelIntegratedComputing/mic-miniproject/node_modules/q/q.js:624:44
    at runSingle (/Users/titoebiwonjumi/Documents/Vanderbilt Courses/Fall 2023/ModelIntegratedComputing/mic-miniproject/node_modules/q/q.js:137:13)
2023-12-11T04:31:18.226Z - error: [gme:server:worker:simpleworker:pid_70126:WorkerFunctions] plugin [othelloAuto] failed with error message=Cannot read properties of undefined (reading 'CoreZMQ'), stack=TypeError: Cannot read properties of undefined (reading 'CoreZMQ')
    at othelloAuto.main (/Users/titoebiwonjumi/Documents/Vanderbilt Courses/Fall 2023/ModelIntegratedComputing/mic-miniproject/src/plugins/othelloAuto/othelloAuto.js:65:51)
    at result (/Users/titoebiwonjumi/Documents/Vanderbilt Courses/Fall 2023/ModelIntegratedComputing/mic-miniproject/node_modules/webgme-engine/src/plugin/managerbase.js:314:32)
    at new Promise (<anonymous>)
    at PluginManagerBase.runPluginMain (/Users/titoebiwonjumi/Documents/Vanderbilt Courses/Fall 2023/ModelIntegratedComputing/mic-miniproject/node_modules/webgme-engine/src/plugin/managerbase.js:313:36)
    at /Users/titoebiwonjumi/Documents/Vanderbilt Courses/Fall 2023/ModelIntegratedComputing/mic-miniproject/node_modules/webgme-engine/src/server/worker/workerrequests.js:299:31
    at _fulfilled (/Users/titoebiwonjumi/Documents/Vanderbilt Courses/Fall 2023/ModelIntegratedComputing/mic-miniproject/node_modules/q/q.js:854:54)
    at /Users/titoebiwonjumi/Documents/Vanderbilt Courses/Fall 2023/ModelIntegratedComputing/mic-miniproject/node_modules/q/q.js:883:30
    at Promise.promise.promiseDispatch (/Users/titoebiwonjumi/Documents/Vanderbilt Courses/Fall 2023/ModelIntegratedComputing/mic-miniproject/node_modules/q/q.js:816:13)
    at /Users/titoebiwonjumi/Documents/Vanderbilt Courses/Fall 2023/ModelIntegratedComputing/mic-miniproject/node_modules/q/q.js:624:44
    at runSingle (/Users/titoebiwonjumi/Documents/Vanderbilt Courses/Fall 2023/ModelIntegratedComputing/mic-miniproject/node_modules/q/q.js:137:13)
2023-12-11T04:32:02.526Z - error: [gme:server:worker:simpleworker:pid_70126:WorkerFunctions] plugin [othelloAuto] failed with error message=Cannot read properties of undefined (reading 'CoreZMQ'), stack=TypeError: Cannot read properties of undefined (reading 'CoreZMQ')
    at othelloAuto.main (/Users/titoebiwonjumi/Documents/Vanderbilt Courses/Fall 2023/ModelIntegratedComputing/mic-miniproject/src/plugins/othelloAuto/othelloAuto.js:65:51)
    at result (/Users/titoebiwonjumi/Documents/Vanderbilt Courses/Fall 2023/ModelIntegratedComputing/mic-miniproject/node_modules/webgme-engine/src/plugin/managerbase.js:314:32)
    at new Promise (<anonymous>)
    at PluginManagerBase.runPluginMain (/Users/titoebiwonjumi/Documents/Vanderbilt Courses/Fall 2023/ModelIntegratedComputing/mic-miniproject/node_modules/webgme-engine/src/plugin/managerbase.js:313:36)
    at /Users/titoebiwonjumi/Documents/Vanderbilt Courses/Fall 2023/ModelIntegratedComputing/mic-miniproject/node_modules/webgme-engine/src/server/worker/workerrequests.js:299:31
    at _fulfilled (/Users/titoebiwonjumi/Documents/Vanderbilt Courses/Fall 2023/ModelIntegratedComputing/mic-miniproject/node_modules/q/q.js:854:54)
    at /Users/titoebiwonjumi/Documents/Vanderbilt Courses/Fall 2023/ModelIntegratedComputing/mic-miniproject/node_modules/q/q.js:883:30
    at Promise.promise.promiseDispatch (/Users/titoebiwonjumi/Documents/Vanderbilt Courses/Fall 2023/ModelIntegratedComputing/mic-miniproject/node_modules/q/q.js:816:13)
    at /Users/titoebiwonjumi/Documents/Vanderbilt Courses/Fall 2023/ModelIntegratedComputing/mic-miniproject/node_modules/q/q.js:624:44
    at runSingle (/Users/titoebiwonjumi/Documents/Vanderbilt Courses/Fall 2023/ModelIntegratedComputing/mic-miniproject/node_modules/q/q.js:137:13)
2023-12-11T04:32:03.552Z - error: [gme:server:worker:simpleworker:pid_70126:WorkerFunctions] plugin [othelloAuto] failed with error message=Cannot read properties of undefined (reading 'CoreZMQ'), stack=TypeError: Cannot read properties of undefined (reading 'CoreZMQ')
    at othelloAuto.main (/Users/titoebiwonjumi/Documents/Vanderbilt Courses/Fall 2023/ModelIntegratedComputing/mic-miniproject/src/plugins/othelloAuto/othelloAuto.js:65:51)
    at result (/Users/titoebiwonjumi/Documents/Vanderbilt Courses/Fall 2023/ModelIntegratedComputing/mic-miniproject/node_modules/webgme-engine/src/plugin/managerbase.js:314:32)
    at new Promise (<anonymous>)
    at PluginManagerBase.runPluginMain (/Users/titoebiwonjumi/Documents/Vanderbilt Courses/Fall 2023/ModelIntegratedComputing/mic-miniproject/node_modules/webgme-engine/src/plugin/managerbase.js:313:36)
    at /Users/titoebiwonjumi/Documents/Vanderbilt Courses/Fall 2023/ModelIntegratedComputing/mic-miniproject/node_modules/webgme-engine/src/server/worker/workerrequests.js:299:31
    at _fulfilled (/Users/titoebiwonjumi/Documents/Vanderbilt Courses/Fall 2023/ModelIntegratedComputing/mic-miniproject/node_modules/q/q.js:854:54)
    at /Users/titoebiwonjumi/Documents/Vanderbilt Courses/Fall 2023/ModelIntegratedComputing/mic-miniproject/node_modules/q/q.js:883:30
    at Promise.promise.promiseDispatch (/Users/titoebiwonjumi/Documents/Vanderbilt Courses/Fall 2023/ModelIntegratedComputing/mic-miniproject/node_modules/q/q.js:816:13)
    at /Users/titoebiwonjumi/Documents/Vanderbilt Courses/Fall 2023/ModelIntegratedComputing/mic-miniproject/node_modules/q/q.js:624:44
    at runSingle (/Users/titoebiwonjumi/Documents/Vanderbilt Courses/Fall 2023/ModelIntegratedComputing/mic-miniproject/node_modules/q/q.js:137:13)
2023-12-11T04:32:06.671Z - error: [gme:server:worker:simpleworker:pid_70126:WorkerFunctions] plugin [othelloAuto] failed with error message=Cannot read properties of undefined (reading 'CoreZMQ'), stack=TypeError: Cannot read properties of undefined (reading 'CoreZMQ')
    at othelloAuto.main (/Users/titoebiwonjumi/Documents/Vanderbilt Courses/Fall 2023/ModelIntegratedComputing/mic-miniproject/src/plugins/othelloAuto/othelloAuto.js:65:51)
    at result (/Users/titoebiwonjumi/Documents/Vanderbilt Courses/Fall 2023/ModelIntegratedComputing/mic-miniproject/node_modules/webgme-engine/src/plugin/managerbase.js:314:32)
    at new Promise (<anonymous>)
    at PluginManagerBase.runPluginMain (/Users/titoebiwonjumi/Documents/Vanderbilt Courses/Fall 2023/ModelIntegratedComputing/mic-miniproject/node_modules/webgme-engine/src/plugin/managerbase.js:313:36)
    at /Users/titoebiwonjumi/Documents/Vanderbilt Courses/Fall 2023/ModelIntegratedComputing/mic-miniproject/node_modules/webgme-engine/src/server/worker/workerrequests.js:299:31
    at _fulfilled (/Users/titoebiwonjumi/Documents/Vanderbilt Courses/Fall 2023/ModelIntegratedComputing/mic-miniproject/node_modules/q/q.js:854:54)
    at /Users/titoebiwonjumi/Documents/Vanderbilt Courses/Fall 2023/ModelIntegratedComputing/mic-miniproject/node_modules/q/q.js:883:30
    at Promise.promise.promiseDispatch (/Users/titoebiwonjumi/Documents/Vanderbilt Courses/Fall 2023/ModelIntegratedComputing/mic-miniproject/node_modules/q/q.js:816:13)
    at /Users/titoebiwonjumi/Documents/Vanderbilt Courses/Fall 2023/ModelIntegratedComputing/mic-miniproject/node_modules/q/q.js:624:44
    at runSingle (/Users/titoebiwonjumi/Documents/Vanderbilt Courses/Fall 2023/ModelIntegratedComputing/mic-miniproject/node_modules/q/q.js:137:13)
2023-12-11T04:32:08.237Z - error: [gme:server:worker:simpleworker:pid_70126:WorkerFunctions] plugin [othelloAuto] failed with error message=Cannot read properties of undefined (reading 'CoreZMQ'), stack=TypeError: Cannot read properties of undefined (reading 'CoreZMQ')
    at othelloAuto.main (/Users/titoebiwonjumi/Documents/Vanderbilt Courses/Fall 2023/ModelIntegratedComputing/mic-miniproject/src/plugins/othelloAuto/othelloAuto.js:65:51)
    at result (/Users/titoebiwonjumi/Documents/Vanderbilt Courses/Fall 2023/ModelIntegratedComputing/mic-miniproject/node_modules/webgme-engine/src/plugin/managerbase.js:314:32)
    at new Promise (<anonymous>)
    at PluginManagerBase.runPluginMain (/Users/titoebiwonjumi/Documents/Vanderbilt Courses/Fall 2023/ModelIntegratedComputing/mic-miniproject/node_modules/webgme-engine/src/plugin/managerbase.js:313:36)
    at /Users/titoebiwonjumi/Documents/Vanderbilt Courses/Fall 2023/ModelIntegratedComputing/mic-miniproject/node_modules/webgme-engine/src/server/worker/workerrequests.js:299:31
    at _fulfilled (/Users/titoebiwonjumi/Documents/Vanderbilt Courses/Fall 2023/ModelIntegratedComputing/mic-miniproject/node_modules/q/q.js:854:54)
    at /Users/titoebiwonjumi/Documents/Vanderbilt Courses/Fall 2023/ModelIntegratedComputing/mic-miniproject/node_modules/q/q.js:883:30
    at Promise.promise.promiseDispatch (/Users/titoebiwonjumi/Documents/Vanderbilt Courses/Fall 2023/ModelIntegratedComputing/mic-miniproject/node_modules/q/q.js:816:13)
    at /Users/titoebiwonjumi/Documents/Vanderbilt Courses/Fall 2023/ModelIntegratedComputing/mic-miniproject/node_modules/q/q.js:624:44
    at runSingle (/Users/titoebiwonjumi/Documents/Vanderbilt Courses/Fall 2023/ModelIntegratedComputing/mic-miniproject/node_modules/q/q.js:137:13)
2023-12-11T04:32:08.450Z - error: [gme:server:worker:simpleworker:pid_70126:WorkerFunctions] plugin [othelloAuto] failed with error message=Cannot read properties of undefined (reading 'CoreZMQ'), stack=TypeError: Cannot read properties of undefined (reading 'CoreZMQ')
    at othelloAuto.main (/Users/titoebiwonjumi/Documents/Vanderbilt Courses/Fall 2023/ModelIntegratedComputing/mic-miniproject/src/plugins/othelloAuto/othelloAuto.js:65:51)
    at result (/Users/titoebiwonjumi/Documents/Vanderbilt Courses/Fall 2023/ModelIntegratedComputing/mic-miniproject/node_modules/webgme-engine/src/plugin/managerbase.js:314:32)
    at new Promise (<anonymous>)
    at PluginManagerBase.runPluginMain (/Users/titoebiwonjumi/Documents/Vanderbilt Courses/Fall 2023/ModelIntegratedComputing/mic-miniproject/node_modules/webgme-engine/src/plugin/managerbase.js:313:36)
    at /Users/titoebiwonjumi/Documents/Vanderbilt Courses/Fall 2023/ModelIntegratedComputing/mic-miniproject/node_modules/webgme-engine/src/server/worker/workerrequests.js:299:31
    at _fulfilled (/Users/titoebiwonjumi/Documents/Vanderbilt Courses/Fall 2023/ModelIntegratedComputing/mic-miniproject/node_modules/q/q.js:854:54)
    at /Users/titoebiwonjumi/Documents/Vanderbilt Courses/Fall 2023/ModelIntegratedComputing/mic-miniproject/node_modules/q/q.js:883:30
    at Promise.promise.promiseDispatch (/Users/titoebiwonjumi/Documents/Vanderbilt Courses/Fall 2023/ModelIntegratedComputing/mic-miniproject/node_modules/q/q.js:816:13)
    at /Users/titoebiwonjumi/Documents/Vanderbilt Courses/Fall 2023/ModelIntegratedComputing/mic-miniproject/node_modules/q/q.js:624:44
    at runSingle (/Users/titoebiwonjumi/Documents/Vanderbilt Courses/Fall 2023/ModelIntegratedComputing/mic-miniproject/node_modules/q/q.js:137:13)
2023-12-11T04:32:56.241Z - error: [gme:server:worker:simpleworker:pid_70126:WorkerFunctions] plugin [othelloAuto] failed with error message=Cannot read properties of undefined (reading 'CoreZMQ'), stack=TypeError: Cannot read properties of undefined (reading 'CoreZMQ')
    at othelloAuto.main (/Users/titoebiwonjumi/Documents/Vanderbilt Courses/Fall 2023/ModelIntegratedComputing/mic-miniproject/src/plugins/othelloAuto/othelloAuto.js:65:51)
    at result (/Users/titoebiwonjumi/Documents/Vanderbilt Courses/Fall 2023/ModelIntegratedComputing/mic-miniproject/node_modules/webgme-engine/src/plugin/managerbase.js:314:32)
    at new Promise (<anonymous>)
    at PluginManagerBase.runPluginMain (/Users/titoebiwonjumi/Documents/Vanderbilt Courses/Fall 2023/ModelIntegratedComputing/mic-miniproject/node_modules/webgme-engine/src/plugin/managerbase.js:313:36)
    at /Users/titoebiwonjumi/Documents/Vanderbilt Courses/Fall 2023/ModelIntegratedComputing/mic-miniproject/node_modules/webgme-engine/src/server/worker/workerrequests.js:299:31
    at _fulfilled (/Users/titoebiwonjumi/Documents/Vanderbilt Courses/Fall 2023/ModelIntegratedComputing/mic-miniproject/node_modules/q/q.js:854:54)
    at /Users/titoebiwonjumi/Documents/Vanderbilt Courses/Fall 2023/ModelIntegratedComputing/mic-miniproject/node_modules/q/q.js:883:30
    at Promise.promise.promiseDispatch (/Users/titoebiwonjumi/Documents/Vanderbilt Courses/Fall 2023/ModelIntegratedComputing/mic-miniproject/node_modules/q/q.js:816:13)
    at /Users/titoebiwonjumi/Documents/Vanderbilt Courses/Fall 2023/ModelIntegratedComputing/mic-miniproject/node_modules/q/q.js:624:44
    at runSingle (/Users/titoebiwonjumi/Documents/Vanderbilt Courses/Fall 2023/ModelIntegratedComputing/mic-miniproject/node_modules/q/q.js:137:13)
2023-12-11T04:35:59.801Z - error: [gme:server:worker:simpleworker:pid_70126:WorkerFunctions] plugin [othelloAuto] failed with error message=Cannot read properties of undefined (reading 'CoreZMQ'), stack=TypeError: Cannot read properties of undefined (reading 'CoreZMQ')
    at othelloAuto.main (/Users/titoebiwonjumi/Documents/Vanderbilt Courses/Fall 2023/ModelIntegratedComputing/mic-miniproject/src/plugins/othelloAuto/othelloAuto.js:65:51)
    at result (/Users/titoebiwonjumi/Documents/Vanderbilt Courses/Fall 2023/ModelIntegratedComputing/mic-miniproject/node_modules/webgme-engine/src/plugin/managerbase.js:314:32)
    at new Promise (<anonymous>)
    at PluginManagerBase.runPluginMain (/Users/titoebiwonjumi/Documents/Vanderbilt Courses/Fall 2023/ModelIntegratedComputing/mic-miniproject/node_modules/webgme-engine/src/plugin/managerbase.js:313:36)
    at /Users/titoebiwonjumi/Documents/Vanderbilt Courses/Fall 2023/ModelIntegratedComputing/mic-miniproject/node_modules/webgme-engine/src/server/worker/workerrequests.js:299:31
    at _fulfilled (/Users/titoebiwonjumi/Documents/Vanderbilt Courses/Fall 2023/ModelIntegratedComputing/mic-miniproject/node_modules/q/q.js:854:54)
    at /Users/titoebiwonjumi/Documents/Vanderbilt Courses/Fall 2023/ModelIntegratedComputing/mic-miniproject/node_modules/q/q.js:883:30
    at Promise.promise.promiseDispatch (/Users/titoebiwonjumi/Documents/Vanderbilt Courses/Fall 2023/ModelIntegratedComputing/mic-miniproject/node_modules/q/q.js:816:13)
    at /Users/titoebiwonjumi/Documents/Vanderbilt Courses/Fall 2023/ModelIntegratedComputing/mic-miniproject/node_modules/q/q.js:624:44
    at runSingle (/Users/titoebiwonjumi/Documents/Vanderbilt Courses/Fall 2023/ModelIntegratedComputing/mic-miniproject/node_modules/q/q.js:137:13)
2023-12-11T04:36:14.750Z - error: [gme:server:worker:simpleworker:pid_70126:WorkerFunctions] plugin [othelloAuto] failed with error message=Cannot read properties of undefined (reading 'CoreZMQ'), stack=TypeError: Cannot read properties of undefined (reading 'CoreZMQ')
    at othelloAuto.main (/Users/titoebiwonjumi/Documents/Vanderbilt Courses/Fall 2023/ModelIntegratedComputing/mic-miniproject/src/plugins/othelloAuto/othelloAuto.js:65:51)
    at result (/Users/titoebiwonjumi/Documents/Vanderbilt Courses/Fall 2023/ModelIntegratedComputing/mic-miniproject/node_modules/webgme-engine/src/plugin/managerbase.js:314:32)
    at new Promise (<anonymous>)
    at PluginManagerBase.runPluginMain (/Users/titoebiwonjumi/Documents/Vanderbilt Courses/Fall 2023/ModelIntegratedComputing/mic-miniproject/node_modules/webgme-engine/src/plugin/managerbase.js:313:36)
    at /Users/titoebiwonjumi/Documents/Vanderbilt Courses/Fall 2023/ModelIntegratedComputing/mic-miniproject/node_modules/webgme-engine/src/server/worker/workerrequests.js:299:31
    at _fulfilled (/Users/titoebiwonjumi/Documents/Vanderbilt Courses/Fall 2023/ModelIntegratedComputing/mic-miniproject/node_modules/q/q.js:854:54)
    at /Users/titoebiwonjumi/Documents/Vanderbilt Courses/Fall 2023/ModelIntegratedComputing/mic-miniproject/node_modules/q/q.js:883:30
    at Promise.promise.promiseDispatch (/Users/titoebiwonjumi/Documents/Vanderbilt Courses/Fall 2023/ModelIntegratedComputing/mic-miniproject/node_modules/q/q.js:816:13)
    at /Users/titoebiwonjumi/Documents/Vanderbilt Courses/Fall 2023/ModelIntegratedComputing/mic-miniproject/node_modules/q/q.js:624:44
    at runSingle (/Users/titoebiwonjumi/Documents/Vanderbilt Courses/Fall 2023/ModelIntegratedComputing/mic-miniproject/node_modules/q/q.js:137:13)
2023-12-11T04:36:22.708Z - error: [gme:server:worker:simpleworker:pid_70126:WorkerFunctions] plugin [othelloAuto] failed with error message=Cannot read properties of undefined (reading 'CoreZMQ'), stack=TypeError: Cannot read properties of undefined (reading 'CoreZMQ')
    at othelloAuto.main (/Users/titoebiwonjumi/Documents/Vanderbilt Courses/Fall 2023/ModelIntegratedComputing/mic-miniproject/src/plugins/othelloAuto/othelloAuto.js:65:51)
    at result (/Users/titoebiwonjumi/Documents/Vanderbilt Courses/Fall 2023/ModelIntegratedComputing/mic-miniproject/node_modules/webgme-engine/src/plugin/managerbase.js:314:32)
    at new Promise (<anonymous>)
    at PluginManagerBase.runPluginMain (/Users/titoebiwonjumi/Documents/Vanderbilt Courses/Fall 2023/ModelIntegratedComputing/mic-miniproject/node_modules/webgme-engine/src/plugin/managerbase.js:313:36)
    at /Users/titoebiwonjumi/Documents/Vanderbilt Courses/Fall 2023/ModelIntegratedComputing/mic-miniproject/node_modules/webgme-engine/src/server/worker/workerrequests.js:299:31
    at _fulfilled (/Users/titoebiwonjumi/Documents/Vanderbilt Courses/Fall 2023/ModelIntegratedComputing/mic-miniproject/node_modules/q/q.js:854:54)
    at /Users/titoebiwonjumi/Documents/Vanderbilt Courses/Fall 2023/ModelIntegratedComputing/mic-miniproject/node_modules/q/q.js:883:30
    at Promise.promise.promiseDispatch (/Users/titoebiwonjumi/Documents/Vanderbilt Courses/Fall 2023/ModelIntegratedComputing/mic-miniproject/node_modules/q/q.js:816:13)
    at /Users/titoebiwonjumi/Documents/Vanderbilt Courses/Fall 2023/ModelIntegratedComputing/mic-miniproject/node_modules/q/q.js:624:44
    at runSingle (/Users/titoebiwonjumi/Documents/Vanderbilt Courses/Fall 2023/ModelIntegratedComputing/mic-miniproject/node_modules/q/q.js:137:13)
2023-12-11T05:41:44.018Z - error: [gme:server:standalone:WebSocket] Error: Not authorized to read project [guest+othelloGame]
    at /Users/titoebiwonjumi/Documents/Vanderbilt Courses/Fall 2023/ModelIntegratedComputing/mic-miniproject/node_modules/webgme-engine/src/server/storage/safestorage.js:560:27
    at _fulfilled (/Users/titoebiwonjumi/Documents/Vanderbilt Courses/Fall 2023/ModelIntegratedComputing/mic-miniproject/node_modules/q/q.js:854:54)
    at /Users/titoebiwonjumi/Documents/Vanderbilt Courses/Fall 2023/ModelIntegratedComputing/mic-miniproject/node_modules/q/q.js:883:30
    at Promise.promise.promiseDispatch (/Users/titoebiwonjumi/Documents/Vanderbilt Courses/Fall 2023/ModelIntegratedComputing/mic-miniproject/node_modules/q/q.js:816:13)
    at /Users/titoebiwonjumi/Documents/Vanderbilt Courses/Fall 2023/ModelIntegratedComputing/mic-miniproject/node_modules/q/q.js:624:44
    at runSingle (/Users/titoebiwonjumi/Documents/Vanderbilt Courses/Fall 2023/ModelIntegratedComputing/mic-miniproject/node_modules/q/q.js:137:13)
    at flush (/Users/titoebiwonjumi/Documents/Vanderbilt Courses/Fall 2023/ModelIntegratedComputing/mic-miniproject/node_modules/q/q.js:125:13)
    at process.processTicksAndRejections (node:internal/process/task_queues:77:11) 
 Error: Caught by
    at /Users/titoebiwonjumi/Documents/Vanderbilt Courses/Fall 2023/ModelIntegratedComputing/mic-miniproject/node_modules/webgme-engine/src/server/storage/websocket.js:436:56
    at _rejected (/Users/titoebiwonjumi/Documents/Vanderbilt Courses/Fall 2023/ModelIntegratedComputing/mic-miniproject/node_modules/q/q.js:864:24)
    at /Users/titoebiwonjumi/Documents/Vanderbilt Courses/Fall 2023/ModelIntegratedComputing/mic-miniproject/node_modules/q/q.js:890:30
    at Promise.when (/Users/titoebiwonjumi/Documents/Vanderbilt Courses/Fall 2023/ModelIntegratedComputing/mic-miniproject/node_modules/q/q.js:1142:31)
    at Promise.promise.promiseDispatch (/Users/titoebiwonjumi/Documents/Vanderbilt Courses/Fall 2023/ModelIntegratedComputing/mic-miniproject/node_modules/q/q.js:808:41)
    at /Users/titoebiwonjumi/Documents/Vanderbilt Courses/Fall 2023/ModelIntegratedComputing/mic-miniproject/node_modules/q/q.js:624:44
    at runSingle (/Users/titoebiwonjumi/Documents/Vanderbilt Courses/Fall 2023/ModelIntegratedComputing/mic-miniproject/node_modules/q/q.js:137:13)
    at flush (/Users/titoebiwonjumi/Documents/Vanderbilt Courses/Fall 2023/ModelIntegratedComputing/mic-miniproject/node_modules/q/q.js:125:13)
    at process.processTicksAndRejections (node:internal/process/task_queues:77:11)
