2023-12-10T21:15:24.537Z - info: [gme] Node version v20.9.0
2023-12-10T21:15:24.538Z - info: [gme] Logfile [ info ] : /Users/titoebiwonjumi/Documents/Vanderbilt Courses/Fall 2023/ModelIntegratedComputing/mic-miniproject/server.log
2023-12-10T21:15:24.538Z - info: [gme] Logfile [ error ] : /Users/titoebiwonjumi/Documents/Vanderbilt Courses/Fall 2023/ModelIntegratedComputing/mic-miniproject/server-error.log
2023-12-10T21:15:24.557Z - info: [gme:server:standalone] Valid addresses of gme web server:  http://127.0.0.1:8888  http://10.76.212.74:8888
2023-12-10T21:15:24.794Z - info: [gme:server:standalone:middleware:BlobServer:BlobBackend] local-storage: /Users/titoebiwonjumi/Documents/Vanderbilt Courses/Fall 2023/ModelIntegratedComputing/mic-miniproject/blob-local-storage
2023-12-10T21:15:24.799Z - info: [gme:server:auth:gmeauth] connecting to: mongodb://127.0.0.1:27018/mongoWEBGME
2023-12-10T21:15:25.004Z - info: [gme:server:standalone:mongo] connecting to: mongodb://127.0.0.1:27018/mongoWEBGME
2023-12-10T21:15:25.843Z - info: [gme:server:standalone] Server is listening ...
2023-12-10T21:27:25.374Z - info: [gme] Node version v20.9.0
2023-12-10T21:27:25.374Z - info: [gme] Logfile [ info ] : /Users/titoebiwonjumi/Documents/Vanderbilt Courses/Fall 2023/ModelIntegratedComputing/mic-miniproject/server.log
2023-12-10T21:27:25.374Z - info: [gme] Logfile [ error ] : /Users/titoebiwonjumi/Documents/Vanderbilt Courses/Fall 2023/ModelIntegratedComputing/mic-miniproject/server-error.log
2023-12-10T21:27:25.397Z - info: [gme:server:standalone] Valid addresses of gme web server:  http://127.0.0.1:8888  http://10.76.212.74:8888
2023-12-10T21:27:25.671Z - info: [gme:server:standalone:middleware:BlobServer:BlobBackend] local-storage: /Users/titoebiwonjumi/Documents/Vanderbilt Courses/Fall 2023/ModelIntegratedComputing/mic-miniproject/blob-local-storage
2023-12-10T21:27:25.676Z - info: [gme:server:auth:gmeauth] connecting to: mongodb://127.0.0.1:27018/mongoWEBGME
2023-12-10T21:27:25.717Z - info: [gme:server:standalone:mongo] connecting to: mongodb://127.0.0.1:27018/mongoWEBGME
2023-12-10T21:27:26.490Z - info: [gme:server:standalone] Server is listening ...
2023-12-10T21:34:01.943Z - info: [gme] Node version v20.9.0
2023-12-10T21:34:01.944Z - info: [gme] Logfile [ info ] : /Users/titoebiwonjumi/Documents/Vanderbilt Courses/Fall 2023/ModelIntegratedComputing/mic-miniproject/server.log
2023-12-10T21:34:01.944Z - info: [gme] Logfile [ error ] : /Users/titoebiwonjumi/Documents/Vanderbilt Courses/Fall 2023/ModelIntegratedComputing/mic-miniproject/server-error.log
2023-12-10T21:34:01.971Z - info: [gme:server:standalone] Valid addresses of gme web server:  http://127.0.0.1:8888  http://10.76.212.74:8888
2023-12-10T21:34:02.225Z - info: [gme:server:standalone:middleware:BlobServer:BlobBackend] local-storage: /Users/titoebiwonjumi/Documents/Vanderbilt Courses/Fall 2023/ModelIntegratedComputing/mic-miniproject/blob-local-storage
2023-12-10T21:34:02.232Z - info: [gme:server:auth:gmeauth] connecting to: mongodb://127.0.0.1:27018/mongoWEBGME
2023-12-10T21:34:02.293Z - info: [gme:server:standalone:mongo] connecting to: mongodb://127.0.0.1:27018/mongoWEBGME
2023-12-10T21:34:03.409Z - info: [gme:server:standalone] Server is listening ...
2023-12-11T03:31:20.450Z - info: [gme] Node version v20.9.0
2023-12-11T03:31:20.451Z - info: [gme] Logfile [ info ] : /Users/titoebiwonjumi/Documents/Vanderbilt Courses/Fall 2023/ModelIntegratedComputing/mic-miniproject/server.log
2023-12-11T03:31:20.451Z - info: [gme] Logfile [ error ] : /Users/titoebiwonjumi/Documents/Vanderbilt Courses/Fall 2023/ModelIntegratedComputing/mic-miniproject/server-error.log
2023-12-11T03:31:20.485Z - info: [gme:server:standalone] Valid addresses of gme web server:  http://127.0.0.1:8888  http://10.76.212.74:8888
2023-12-11T03:31:20.782Z - info: [gme:server:standalone:middleware:BlobServer:BlobBackend] local-storage: /Users/titoebiwonjumi/Documents/Vanderbilt Courses/Fall 2023/ModelIntegratedComputing/mic-miniproject/blob-local-storage
2023-12-11T03:31:20.791Z - info: [gme:server:auth:gmeauth] connecting to: mongodb://127.0.0.1:27018/mongoWEBGME
2023-12-11T03:31:20.920Z - info: [gme:server:standalone:mongo] connecting to: mongodb://127.0.0.1:27018/mongoWEBGME
2023-12-11T03:32:57.476Z - info: [gme] Node version v20.9.0
2023-12-11T03:32:57.476Z - info: [gme] Logfile [ info ] : /Users/titoebiwonjumi/Documents/Vanderbilt Courses/Fall 2023/ModelIntegratedComputing/mic-miniproject/server.log
2023-12-11T03:32:57.477Z - info: [gme] Logfile [ error ] : /Users/titoebiwonjumi/Documents/Vanderbilt Courses/Fall 2023/ModelIntegratedComputing/mic-miniproject/server-error.log
2023-12-11T03:32:57.497Z - info: [gme:server:standalone] Valid addresses of gme web server:  http://127.0.0.1:8888  http://10.76.212.74:8888
2023-12-11T03:32:57.669Z - info: [gme:server:standalone:middleware:BlobServer:BlobBackend] local-storage: /Users/titoebiwonjumi/Documents/Vanderbilt Courses/Fall 2023/ModelIntegratedComputing/mic-miniproject/blob-local-storage
2023-12-11T03:32:57.673Z - info: [gme:server:auth:gmeauth] connecting to: mongodb://127.0.0.1:27018/mongoWEBGME
2023-12-11T03:32:57.707Z - info: [gme:server:standalone:mongo] connecting to: mongodb://127.0.0.1:27018/mongoWEBGME
2023-12-11T03:32:58.076Z - info: [gme:server:standalone] Server is listening ...
2023-12-11T03:33:08.978Z - error: [gme:server:standalone:WebSocket] Error: Not authorized to read project [guest+othelloGame]
    at /Users/titoebiwonjumi/Documents/Vanderbilt Courses/Fall 2023/ModelIntegratedComputing/mic-miniproject/node_modules/webgme-engine/src/server/storage/safestorage.js:560:27
    at _fulfilled (/Users/titoebiwonjumi/Documents/Vanderbilt Courses/Fall 2023/ModelIntegratedComputing/mic-miniproject/node_modules/q/q.js:854:54)
    at /Users/titoebiwonjumi/Documents/Vanderbilt Courses/Fall 2023/ModelIntegratedComputing/mic-miniproject/node_modules/q/q.js:883:30
    at Promise.promise.promiseDispatch (/Users/titoebiwonjumi/Documents/Vanderbilt Courses/Fall 2023/ModelIntegratedComputing/mic-miniproject/node_modules/q/q.js:816:13)
    at /Users/titoebiwonjumi/Documents/Vanderbilt Courses/Fall 2023/ModelIntegratedComputing/mic-miniproject/node_modules/q/q.js:624:44
    at runSingle (/Users/titoebiwonjumi/Documents/Vanderbilt Courses/Fall 2023/ModelIntegratedComputing/mic-miniproject/node_modules/q/q.js:137:13)
    at flush (/Users/titoebiwonjumi/Documents/Vanderbilt Courses/Fall 2023/ModelIntegratedComputing/mic-miniproject/node_modules/q/q.js:125:13)
    at process.processTicksAndRejections (node:internal/process/task_queues:77:11) 
 Error: Caught by
    at /Users/titoebiwonjumi/Documents/Vanderbilt Courses/Fall 2023/ModelIntegratedComputing/mic-miniproject/node_modules/webgme-engine/src/server/storage/websocket.js:436:56
    at _rejected (/Users/titoebiwonjumi/Documents/Vanderbilt Courses/Fall 2023/ModelIntegratedComputing/mic-miniproject/node_modules/q/q.js:864:24)
    at /Users/titoebiwonjumi/Documents/Vanderbilt Courses/Fall 2023/ModelIntegratedComputing/mic-miniproject/node_modules/q/q.js:890:30
    at Promise.when (/Users/titoebiwonjumi/Documents/Vanderbilt Courses/Fall 2023/ModelIntegratedComputing/mic-miniproject/node_modules/q/q.js:1142:31)
    at Promise.promise.promiseDispatch (/Users/titoebiwonjumi/Documents/Vanderbilt Courses/Fall 2023/ModelIntegratedComputing/mic-miniproject/node_modules/q/q.js:808:41)
    at /Users/titoebiwonjumi/Documents/Vanderbilt Courses/Fall 2023/ModelIntegratedComputing/mic-miniproject/node_modules/q/q.js:624:44
    at runSingle (/Users/titoebiwonjumi/Documents/Vanderbilt Courses/Fall 2023/ModelIntegratedComputing/mic-miniproject/node_modules/q/q.js:137:13)
    at flush (/Users/titoebiwonjumi/Documents/Vanderbilt Courses/Fall 2023/ModelIntegratedComputing/mic-miniproject/node_modules/q/q.js:125:13)
    at process.processTicksAndRejections (node:internal/process/task_queues:77:11)
2023-12-11T04:28:05.525Z - info: [gme] Node version v20.9.0
2023-12-11T04:28:05.526Z - info: [gme] Logfile [ info ] : /Users/titoebiwonjumi/Documents/Vanderbilt Courses/Fall 2023/ModelIntegratedComputing/mic-miniproject/server.log
2023-12-11T04:28:05.526Z - info: [gme] Logfile [ error ] : /Users/titoebiwonjumi/Documents/Vanderbilt Courses/Fall 2023/ModelIntegratedComputing/mic-miniproject/server-error.log
2023-12-11T04:28:05.546Z - info: [gme:server:standalone] Valid addresses of gme web server:  http://127.0.0.1:8888  http://10.76.212.74:8888
2023-12-11T04:28:05.784Z - info: [gme:server:standalone:middleware:BlobServer:BlobBackend] local-storage: /Users/titoebiwonjumi/Documents/Vanderbilt Courses/Fall 2023/ModelIntegratedComputing/mic-miniproject/blob-local-storage
2023-12-11T04:28:05.790Z - info: [gme:server:auth:gmeauth] connecting to: mongodb://127.0.0.1:27018/mongoWEBGME
2023-12-11T04:28:05.847Z - info: [gme:server:standalone:mongo] connecting to: mongodb://127.0.0.1:27018/mongoWEBGME
2023-12-11T04:28:06.301Z - info: [gme:server:standalone] Server is listening ...
2023-12-11T04:28:12.972Z - error: [gme:server:standalone:WebSocket] Error: Not authorized to read project [guest+test]
    at /Users/titoebiwonjumi/Documents/Vanderbilt Courses/Fall 2023/ModelIntegratedComputing/mic-miniproject/node_modules/webgme-engine/src/server/storage/safestorage.js:560:27
    at _fulfilled (/Users/titoebiwonjumi/Documents/Vanderbilt Courses/Fall 2023/ModelIntegratedComputing/mic-miniproject/node_modules/q/q.js:854:54)
    at /Users/titoebiwonjumi/Documents/Vanderbilt Courses/Fall 2023/ModelIntegratedComputing/mic-miniproject/node_modules/q/q.js:883:30
    at Promise.promise.promiseDispatch (/Users/titoebiwonjumi/Documents/Vanderbilt Courses/Fall 2023/ModelIntegratedComputing/mic-miniproject/node_modules/q/q.js:816:13)
    at /Users/titoebiwonjumi/Documents/Vanderbilt Courses/Fall 2023/ModelIntegratedComputing/mic-miniproject/node_modules/q/q.js:624:44
    at runSingle (/Users/titoebiwonjumi/Documents/Vanderbilt Courses/Fall 2023/ModelIntegratedComputing/mic-miniproject/node_modules/q/q.js:137:13)
    at flush (/Users/titoebiwonjumi/Documents/Vanderbilt Courses/Fall 2023/ModelIntegratedComputing/mic-miniproject/node_modules/q/q.js:125:13)
    at process.processTicksAndRejections (node:internal/process/task_queues:77:11) 
 Error: Caught by
    at /Users/titoebiwonjumi/Documents/Vanderbilt Courses/Fall 2023/ModelIntegratedComputing/mic-miniproject/node_modules/webgme-engine/src/server/storage/websocket.js:436:56
    at _rejected (/Users/titoebiwonjumi/Documents/Vanderbilt Courses/Fall 2023/ModelIntegratedComputing/mic-miniproject/node_modules/q/q.js:864:24)
    at /Users/titoebiwonjumi/Documents/Vanderbilt Courses/Fall 2023/ModelIntegratedComputing/mic-miniproject/node_modules/q/q.js:890:30
    at Promise.when (/Users/titoebiwonjumi/Documents/Vanderbilt Courses/Fall 2023/ModelIntegratedComputing/mic-miniproject/node_modules/q/q.js:1142:31)
    at Promise.promise.promiseDispatch (/Users/titoebiwonjumi/Documents/Vanderbilt Courses/Fall 2023/ModelIntegratedComputing/mic-miniproject/node_modules/q/q.js:808:41)
    at /Users/titoebiwonjumi/Documents/Vanderbilt Courses/Fall 2023/ModelIntegratedComputing/mic-miniproject/node_modules/q/q.js:624:44
    at runSingle (/Users/titoebiwonjumi/Documents/Vanderbilt Courses/Fall 2023/ModelIntegratedComputing/mic-miniproject/node_modules/q/q.js:137:13)
    at flush (/Users/titoebiwonjumi/Documents/Vanderbilt Courses/Fall 2023/ModelIntegratedComputing/mic-miniproject/node_modules/q/q.js:125:13)
    at process.processTicksAndRejections (node:internal/process/task_queues:77:11)
2023-12-11T04:30:27.188Z - error: [gme:server:worker:simpleworker:pid_70126:WorkerFunctions] plugin [othelloAuto] failed with error message=Tried loading "webgme-bindings" at /Users/titoebiwonjumi/Documents/Vanderbilt Courses/Fall 2023/ModelIntegratedComputing/mic-miniproject/node_modules/webgme-engine/src/webgme-bindings.js then tried node's require("webgme-bindings") and it failed with error: Error: Cannot find module 'webgme-bindings'
Require stack:
- /Users/titoebiwonjumi/Documents/Vanderbilt Courses/Fall 2023/ModelIntegratedComputing/mic-miniproject/node_modules/webgme-engine/index.js
- /Users/titoebiwonjumi/Documents/Vanderbilt Courses/Fall 2023/ModelIntegratedComputing/mic-miniproject/node_modules/webgme-engine/src/server/worker/simpleworker.js, stack=Error: Tried loading "webgme-bindings" at /Users/titoebiwonjumi/Documents/Vanderbilt Courses/Fall 2023/ModelIntegratedComputing/mic-miniproject/node_modules/webgme-engine/src/webgme-bindings.js then tried node's require("webgme-bindings") and it failed with error: Error: Cannot find module 'webgme-bindings'
Require stack:
- /Users/titoebiwonjumi/Documents/Vanderbilt Courses/Fall 2023/ModelIntegratedComputing/mic-miniproject/node_modules/webgme-engine/index.js
- /Users/titoebiwonjumi/Documents/Vanderbilt Courses/Fall 2023/ModelIntegratedComputing/mic-miniproject/node_modules/webgme-engine/src/server/worker/simpleworker.js
    at /Users/titoebiwonjumi/Documents/Vanderbilt Courses/Fall 2023/ModelIntegratedComputing/mic-miniproject/node_modules/requirejs/bin/r.js:2600:27
    at Object.execCb (/Users/titoebiwonjumi/Documents/Vanderbilt Courses/Fall 2023/ModelIntegratedComputing/mic-miniproject/node_modules/requirejs/bin/r.js:1946:33)
    at Module.check (/Users/titoebiwonjumi/Documents/Vanderbilt Courses/Fall 2023/ModelIntegratedComputing/mic-miniproject/node_modules/requirejs/bin/r.js:1133:51)
    at Module.enable (/Users/titoebiwonjumi/Documents/Vanderbilt Courses/Fall 2023/ModelIntegratedComputing/mic-miniproject/node_modules/requirejs/bin/r.js:1426:22)
    at Object.enable (/Users/titoebiwonjumi/Documents/Vanderbilt Courses/Fall 2023/ModelIntegratedComputing/mic-miniproject/node_modules/requirejs/bin/r.js:1807:39)
    at req.get (/Users/titoebiwonjumi/Documents/Vanderbilt Courses/Fall 2023/ModelIntegratedComputing/mic-miniproject/node_modules/requirejs/bin/r.js:2524:33)
    at Object.localRequire [as require] (/Users/titoebiwonjumi/Documents/Vanderbilt Courses/Fall 2023/ModelIntegratedComputing/mic-miniproject/node_modules/requirejs/bin/r.js:1678:40)
    at requirejs (/Users/titoebiwonjumi/Documents/Vanderbilt Courses/Fall 2023/ModelIntegratedComputing/mic-miniproject/node_modules/requirejs/bin/r.js:2047:24)
    at othelloAuto.main (/Users/titoebiwonjumi/Documents/Vanderbilt Courses/Fall 2023/ModelIntegratedComputing/mic-miniproject/src/plugins/othelloAuto/othelloAuto.js:65:25)
    at result (/Users/titoebiwonjumi/Documents/Vanderbilt Courses/Fall 2023/ModelIntegratedComputing/mic-miniproject/node_modules/webgme-engine/src/plugin/managerbase.js:314:32), code=MODULE_NOT_FOUND, requireStack=[/Users/titoebiwonjumi/Documents/Vanderbilt Courses/Fall 2023/ModelIntegratedComputing/mic-miniproject/node_modules/webgme-engine/index.js, /Users/titoebiwonjumi/Documents/Vanderbilt Courses/Fall 2023/ModelIntegratedComputing/mic-miniproject/node_modules/webgme-engine/src/server/worker/simpleworker.js], moduleName=webgme-bindings, requireModules=[webgme-bindings]
2023-12-11T04:30:36.821Z - error: [gme:server:worker:simpleworker:pid_70126:WorkerFunctions] plugin [othelloAuto] failed with error message=Cannot read properties of undefined (reading 'CoreZMQ'), stack=TypeError: Cannot read properties of undefined (reading 'CoreZMQ')
    at othelloAuto.main (/Users/titoebiwonjumi/Documents/Vanderbilt Courses/Fall 2023/ModelIntegratedComputing/mic-miniproject/src/plugins/othelloAuto/othelloAuto.js:65:51)
    at result (/Users/titoebiwonjumi/Documents/Vanderbilt Courses/Fall 2023/ModelIntegratedComputing/mic-miniproject/node_modules/webgme-engine/src/plugin/managerbase.js:314:32)
    at new Promise (<anonymous>)
    at PluginManagerBase.runPluginMain (/Users/titoebiwonjumi/Documents/Vanderbilt Courses/Fall 2023/ModelIntegratedComputing/mic-miniproject/node_modules/webgme-engine/src/plugin/managerbase.js:313:36)
    at /Users/titoebiwonjumi/Documents/Vanderbilt Courses/Fall 2023/ModelIntegratedComputing/mic-miniproject/node_modules/webgme-engine/src/server/worker/workerrequests.js:299:31
    at _fulfilled (/Users/titoebiwonjumi/Documents/Vanderbilt Courses/Fall 2023/ModelIntegratedComputing/mic-miniproject/node_modules/q/q.js:854:54)
    at /Users/titoebiwonjumi/Documents/Vanderbilt Courses/Fall 2023/ModelIntegratedComputing/mic-miniproject/node_modules/q/q.js:883:30
    at Promise.promise.promiseDispatch (/Users/titoebiwonjumi/Documents/Vanderbilt Courses/Fall 2023/ModelIntegratedComputing/mic-miniproject/node_modules/q/q.js:816:13)
    at /Users/titoebiwonjumi/Documents/Vanderbilt Courses/Fall 2023/ModelIntegratedComputing/mic-miniproject/node_modules/q/q.js:624:44
    at runSingle (/Users/titoebiwonjumi/Documents/Vanderbilt Courses/Fall 2023/ModelIntegratedComputing/mic-miniproject/node_modules/q/q.js:137:13)
2023-12-11T04:30:38.799Z - error: [gme:server:worker:simpleworker:pid_70126:WorkerFunctions] plugin [othelloAuto] failed with error message=Cannot read properties of undefined (reading 'CoreZMQ'), stack=TypeError: Cannot read properties of undefined (reading 'CoreZMQ')
    at othelloAuto.main (/Users/titoebiwonjumi/Documents/Vanderbilt Courses/Fall 2023/ModelIntegratedComputing/mic-miniproject/src/plugins/othelloAuto/othelloAuto.js:65:51)
    at result (/Users/titoebiwonjumi/Documents/Vanderbilt Courses/Fall 2023/ModelIntegratedComputing/mic-miniproject/node_modules/webgme-engine/src/plugin/managerbase.js:314:32)
    at new Promise (<anonymous>)
    at PluginManagerBase.runPluginMain (/Users/titoebiwonjumi/Documents/Vanderbilt Courses/Fall 2023/ModelIntegratedComputing/mic-miniproject/node_modules/webgme-engine/src/plugin/managerbase.js:313:36)
    at /Users/titoebiwonjumi/Documents/Vanderbilt Courses/Fall 2023/ModelIntegratedComputing/mic-miniproject/node_modules/webgme-engine/src/server/worker/workerrequests.js:299:31
    at _fulfilled (/Users/titoebiwonjumi/Documents/Vanderbilt Courses/Fall 2023/ModelIntegratedComputing/mic-miniproject/node_modules/q/q.js:854:54)
    at /Users/titoebiwonjumi/Documents/Vanderbilt Courses/Fall 2023/ModelIntegratedComputing/mic-miniproject/node_modules/q/q.js:883:30
    at Promise.promise.promiseDispatch (/Users/titoebiwonjumi/Documents/Vanderbilt Courses/Fall 2023/ModelIntegratedComputing/mic-miniproject/node_modules/q/q.js:816:13)
    at /Users/titoebiwonjumi/Documents/Vanderbilt Courses/Fall 2023/ModelIntegratedComputing/mic-miniproject/node_modules/q/q.js:624:44
    at runSingle (/Users/titoebiwonjumi/Documents/Vanderbilt Courses/Fall 2023/ModelIntegratedComputing/mic-miniproject/node_modules/q/q.js:137:13)
2023-12-11T04:30:44.030Z - error: [gme:server:worker:simpleworker:pid_70126:WorkerFunctions] plugin [othelloAuto] failed with error message=Cannot read properties of undefined (reading 'CoreZMQ'), stack=TypeError: Cannot read properties of undefined (reading 'CoreZMQ')
    at othelloAuto.main (/Users/titoebiwonjumi/Documents/Vanderbilt Courses/Fall 2023/ModelIntegratedComputing/mic-miniproject/src/plugins/othelloAuto/othelloAuto.js:65:51)
    at result (/Users/titoebiwonjumi/Documents/Vanderbilt Courses/Fall 2023/ModelIntegratedComputing/mic-miniproject/node_modules/webgme-engine/src/plugin/managerbase.js:314:32)
    at new Promise (<anonymous>)
    at PluginManagerBase.runPluginMain (/Users/titoebiwonjumi/Documents/Vanderbilt Courses/Fall 2023/ModelIntegratedComputing/mic-miniproject/node_modules/webgme-engine/src/plugin/managerbase.js:313:36)
    at /Users/titoebiwonjumi/Documents/Vanderbilt Courses/Fall 2023/ModelIntegratedComputing/mic-miniproject/node_modules/webgme-engine/src/server/worker/workerrequests.js:299:31
    at _fulfilled (/Users/titoebiwonjumi/Documents/Vanderbilt Courses/Fall 2023/ModelIntegratedComputing/mic-miniproject/node_modules/q/q.js:854:54)
    at /Users/titoebiwonjumi/Documents/Vanderbilt Courses/Fall 2023/ModelIntegratedComputing/mic-miniproject/node_modules/q/q.js:883:30
    at Promise.promise.promiseDispatch (/Users/titoebiwonjumi/Documents/Vanderbilt Courses/Fall 2023/ModelIntegratedComputing/mic-miniproject/node_modules/q/q.js:816:13)
    at /Users/titoebiwonjumi/Documents/Vanderbilt Courses/Fall 2023/ModelIntegratedComputing/mic-miniproject/node_modules/q/q.js:624:44
    at runSingle (/Users/titoebiwonjumi/Documents/Vanderbilt Courses/Fall 2023/ModelIntegratedComputing/mic-miniproject/node_modules/q/q.js:137:13)
2023-12-11T04:30:44.544Z - error: [gme:server:worker:simpleworker:pid_70126:WorkerFunctions] plugin [othelloAuto] failed with error message=Cannot read properties of undefined (reading 'CoreZMQ'), stack=TypeError: Cannot read properties of undefined (reading 'CoreZMQ')
    at othelloAuto.main (/Users/titoebiwonjumi/Documents/Vanderbilt Courses/Fall 2023/ModelIntegratedComputing/mic-miniproject/src/plugins/othelloAuto/othelloAuto.js:65:51)
    at result (/Users/titoebiwonjumi/Documents/Vanderbilt Courses/Fall 2023/ModelIntegratedComputing/mic-miniproject/node_modules/webgme-engine/src/plugin/managerbase.js:314:32)
    at new Promise (<anonymous>)
    at PluginManagerBase.runPluginMain (/Users/titoebiwonjumi/Documents/Vanderbilt Courses/Fall 2023/ModelIntegratedComputing/mic-miniproject/node_modules/webgme-engine/src/plugin/managerbase.js:313:36)
    at /Users/titoebiwonjumi/Documents/Vanderbilt Courses/Fall 2023/ModelIntegratedComputing/mic-miniproject/node_modules/webgme-engine/src/server/worker/workerrequests.js:299:31
    at _fulfilled (/Users/titoebiwonjumi/Documents/Vanderbilt Courses/Fall 2023/ModelIntegratedComputing/mic-miniproject/node_modules/q/q.js:854:54)
    at /Users/titoebiwonjumi/Documents/Vanderbilt Courses/Fall 2023/ModelIntegratedComputing/mic-miniproject/node_modules/q/q.js:883:30
    at Promise.promise.promiseDispatch (/Users/titoebiwonjumi/Documents/Vanderbilt Courses/Fall 2023/ModelIntegratedComputing/mic-miniproject/node_modules/q/q.js:816:13)
    at /Users/titoebiwonjumi/Documents/Vanderbilt Courses/Fall 2023/ModelIntegratedComputing/mic-miniproject/node_modules/q/q.js:624:44
    at runSingle (/Users/titoebiwonjumi/Documents/Vanderbilt Courses/Fall 2023/ModelIntegratedComputing/mic-miniproject/node_modules/q/q.js:137:13)
2023-12-11T04:30:44.971Z - error: [gme:server:worker:simpleworker:pid_70126:WorkerFunctions] plugin [othelloAuto] failed with error message=Cannot read properties of undefined (reading 'CoreZMQ'), stack=TypeError: Cannot read properties of undefined (reading 'CoreZMQ')
    at othelloAuto.main (/Users/titoebiwonjumi/Documents/Vanderbilt Courses/Fall 2023/ModelIntegratedComputing/mic-miniproject/src/plugins/othelloAuto/othelloAuto.js:65:51)
    at result (/Users/titoebiwonjumi/Documents/Vanderbilt Courses/Fall 2023/ModelIntegratedComputing/mic-miniproject/node_modules/webgme-engine/src/plugin/managerbase.js:314:32)
    at new Promise (<anonymous>)
    at PluginManagerBase.runPluginMain (/Users/titoebiwonjumi/Documents/Vanderbilt Courses/Fall 2023/ModelIntegratedComputing/mic-miniproject/node_modules/webgme-engine/src/plugin/managerbase.js:313:36)
    at /Users/titoebiwonjumi/Documents/Vanderbilt Courses/Fall 2023/ModelIntegratedComputing/mic-miniproject/node_modules/webgme-engine/src/server/worker/workerrequests.js:299:31
    at _fulfilled (/Users/titoebiwonjumi/Documents/Vanderbilt Courses/Fall 2023/ModelIntegratedComputing/mic-miniproject/node_modules/q/q.js:854:54)
    at /Users/titoebiwonjumi/Documents/Vanderbilt Courses/Fall 2023/ModelIntegratedComputing/mic-miniproject/node_modules/q/q.js:883:30
    at Promise.promise.promiseDispatch (/Users/titoebiwonjumi/Documents/Vanderbilt Courses/Fall 2023/ModelIntegratedComputing/mic-miniproject/node_modules/q/q.js:816:13)
    at /Users/titoebiwonjumi/Documents/Vanderbilt Courses/Fall 2023/ModelIntegratedComputing/mic-miniproject/node_modules/q/q.js:624:44
    at runSingle (/Users/titoebiwonjumi/Documents/Vanderbilt Courses/Fall 2023/ModelIntegratedComputing/mic-miniproject/node_modules/q/q.js:137:13)
2023-12-11T04:30:51.471Z - error: [gme:server:worker:simpleworker:pid_70126:WorkerFunctions] plugin [othelloAuto] failed with error message=Cannot read properties of undefined (reading 'CoreZMQ'), stack=TypeError: Cannot read properties of undefined (reading 'CoreZMQ')
    at othelloAuto.main (/Users/titoebiwonjumi/Documents/Vanderbilt Courses/Fall 2023/ModelIntegratedComputing/mic-miniproject/src/plugins/othelloAuto/othelloAuto.js:65:51)
    at result (/Users/titoebiwonjumi/Documents/Vanderbilt Courses/Fall 2023/ModelIntegratedComputing/mic-miniproject/node_modules/webgme-engine/src/plugin/managerbase.js:314:32)
    at new Promise (<anonymous>)
    at PluginManagerBase.runPluginMain (/Users/titoebiwonjumi/Documents/Vanderbilt Courses/Fall 2023/ModelIntegratedComputing/mic-miniproject/node_modules/webgme-engine/src/plugin/managerbase.js:313:36)
    at /Users/titoebiwonjumi/Documents/Vanderbilt Courses/Fall 2023/ModelIntegratedComputing/mic-miniproject/node_modules/webgme-engine/src/server/worker/workerrequests.js:299:31
    at _fulfilled (/Users/titoebiwonjumi/Documents/Vanderbilt Courses/Fall 2023/ModelIntegratedComputing/mic-miniproject/node_modules/q/q.js:854:54)
    at /Users/titoebiwonjumi/Documents/Vanderbilt Courses/Fall 2023/ModelIntegratedComputing/mic-miniproject/node_modules/q/q.js:883:30
    at Promise.promise.promiseDispatch (/Users/titoebiwonjumi/Documents/Vanderbilt Courses/Fall 2023/ModelIntegratedComputing/mic-miniproject/node_modules/q/q.js:816:13)
    at /Users/titoebiwonjumi/Documents/Vanderbilt Courses/Fall 2023/ModelIntegratedComputing/mic-miniproject/node_modules/q/q.js:624:44
    at runSingle (/Users/titoebiwonjumi/Documents/Vanderbilt Courses/Fall 2023/ModelIntegratedComputing/mic-miniproject/node_modules/q/q.js:137:13)
2023-12-11T04:30:51.894Z - error: [gme:server:worker:simpleworker:pid_70126:WorkerFunctions] plugin [othelloAuto] failed with error message=Cannot read properties of undefined (reading 'CoreZMQ'), stack=TypeError: Cannot read properties of undefined (reading 'CoreZMQ')
    at othelloAuto.main (/Users/titoebiwonjumi/Documents/Vanderbilt Courses/Fall 2023/ModelIntegratedComputing/mic-miniproject/src/plugins/othelloAuto/othelloAuto.js:65:51)
    at result (/Users/titoebiwonjumi/Documents/Vanderbilt Courses/Fall 2023/ModelIntegratedComputing/mic-miniproject/node_modules/webgme-engine/src/plugin/managerbase.js:314:32)
    at new Promise (<anonymous>)
    at PluginManagerBase.runPluginMain (/Users/titoebiwonjumi/Documents/Vanderbilt Courses/Fall 2023/ModelIntegratedComputing/mic-miniproject/node_modules/webgme-engine/src/plugin/managerbase.js:313:36)
    at /Users/titoebiwonjumi/Documents/Vanderbilt Courses/Fall 2023/ModelIntegratedComputing/mic-miniproject/node_modules/webgme-engine/src/server/worker/workerrequests.js:299:31
    at _fulfilled (/Users/titoebiwonjumi/Documents/Vanderbilt Courses/Fall 2023/ModelIntegratedComputing/mic-miniproject/node_modules/q/q.js:854:54)
    at /Users/titoebiwonjumi/Documents/Vanderbilt Courses/Fall 2023/ModelIntegratedComputing/mic-miniproject/node_modules/q/q.js:883:30
    at Promise.promise.promiseDispatch (/Users/titoebiwonjumi/Documents/Vanderbilt Courses/Fall 2023/ModelIntegratedComputing/mic-miniproject/node_modules/q/q.js:816:13)
    at /Users/titoebiwonjumi/Documents/Vanderbilt Courses/Fall 2023/ModelIntegratedComputing/mic-miniproject/node_modules/q/q.js:624:44
    at runSingle (/Users/titoebiwonjumi/Documents/Vanderbilt Courses/Fall 2023/ModelIntegratedComputing/mic-miniproject/node_modules/q/q.js:137:13)
2023-12-11T04:31:18.225Z - error: [gme:server:worker:simpleworker:pid_70126:WorkerFunctions] plugin [othelloAuto] failed with error message=Cannot read properties of undefined (reading 'CoreZMQ'), stack=TypeError: Cannot read properties of undefined (reading 'CoreZMQ')
    at othelloAuto.main (/Users/titoebiwonjumi/Documents/Vanderbilt Courses/Fall 2023/ModelIntegratedComputing/mic-miniproject/src/plugins/othelloAuto/othelloAuto.js:65:51)
    at result (/Users/titoebiwonjumi/Documents/Vanderbilt Courses/Fall 2023/ModelIntegratedComputing/mic-miniproject/node_modules/webgme-engine/src/plugin/managerbase.js:314:32)
    at new Promise (<anonymous>)
    at PluginManagerBase.runPluginMain (/Users/titoebiwonjumi/Documents/Vanderbilt Courses/Fall 2023/ModelIntegratedComputing/mic-miniproject/node_modules/webgme-engine/src/plugin/managerbase.js:313:36)
    at /Users/titoebiwonjumi/Documents/Vanderbilt Courses/Fall 2023/ModelIntegratedComputing/mic-miniproject/node_modules/webgme-engine/src/server/worker/workerrequests.js:299:31
    at _fulfilled (/Users/titoebiwonjumi/Documents/Vanderbilt Courses/Fall 2023/ModelIntegratedComputing/mic-miniproject/node_modules/q/q.js:854:54)
    at /Users/titoebiwonjumi/Documents/Vanderbilt Courses/Fall 2023/ModelIntegratedComputing/mic-miniproject/node_modules/q/q.js:883:30
    at Promise.promise.promiseDispatch (/Users/titoebiwonjumi/Documents/Vanderbilt Courses/Fall 2023/ModelIntegratedComputing/mic-miniproject/node_modules/q/q.js:816:13)
    at /Users/titoebiwonjumi/Documents/Vanderbilt Courses/Fall 2023/ModelIntegratedComputing/mic-miniproject/node_modules/q/q.js:624:44
    at runSingle (/Users/titoebiwonjumi/Documents/Vanderbilt Courses/Fall 2023/ModelIntegratedComputing/mic-miniproject/node_modules/q/q.js:137:13)
2023-12-11T04:32:02.526Z - error: [gme:server:worker:simpleworker:pid_70126:WorkerFunctions] plugin [othelloAuto] failed with error message=Cannot read properties of undefined (reading 'CoreZMQ'), stack=TypeError: Cannot read properties of undefined (reading 'CoreZMQ')
    at othelloAuto.main (/Users/titoebiwonjumi/Documents/Vanderbilt Courses/Fall 2023/ModelIntegratedComputing/mic-miniproject/src/plugins/othelloAuto/othelloAuto.js:65:51)
    at result (/Users/titoebiwonjumi/Documents/Vanderbilt Courses/Fall 2023/ModelIntegratedComputing/mic-miniproject/node_modules/webgme-engine/src/plugin/managerbase.js:314:32)
    at new Promise (<anonymous>)
    at PluginManagerBase.runPluginMain (/Users/titoebiwonjumi/Documents/Vanderbilt Courses/Fall 2023/ModelIntegratedComputing/mic-miniproject/node_modules/webgme-engine/src/plugin/managerbase.js:313:36)
    at /Users/titoebiwonjumi/Documents/Vanderbilt Courses/Fall 2023/ModelIntegratedComputing/mic-miniproject/node_modules/webgme-engine/src/server/worker/workerrequests.js:299:31
    at _fulfilled (/Users/titoebiwonjumi/Documents/Vanderbilt Courses/Fall 2023/ModelIntegratedComputing/mic-miniproject/node_modules/q/q.js:854:54)
    at /Users/titoebiwonjumi/Documents/Vanderbilt Courses/Fall 2023/ModelIntegratedComputing/mic-miniproject/node_modules/q/q.js:883:30
    at Promise.promise.promiseDispatch (/Users/titoebiwonjumi/Documents/Vanderbilt Courses/Fall 2023/ModelIntegratedComputing/mic-miniproject/node_modules/q/q.js:816:13)
    at /Users/titoebiwonjumi/Documents/Vanderbilt Courses/Fall 2023/ModelIntegratedComputing/mic-miniproject/node_modules/q/q.js:624:44
    at runSingle (/Users/titoebiwonjumi/Documents/Vanderbilt Courses/Fall 2023/ModelIntegratedComputing/mic-miniproject/node_modules/q/q.js:137:13)
2023-12-11T04:32:03.552Z - error: [gme:server:worker:simpleworker:pid_70126:WorkerFunctions] plugin [othelloAuto] failed with error message=Cannot read properties of undefined (reading 'CoreZMQ'), stack=TypeError: Cannot read properties of undefined (reading 'CoreZMQ')
    at othelloAuto.main (/Users/titoebiwonjumi/Documents/Vanderbilt Courses/Fall 2023/ModelIntegratedComputing/mic-miniproject/src/plugins/othelloAuto/othelloAuto.js:65:51)
    at result (/Users/titoebiwonjumi/Documents/Vanderbilt Courses/Fall 2023/ModelIntegratedComputing/mic-miniproject/node_modules/webgme-engine/src/plugin/managerbase.js:314:32)
    at new Promise (<anonymous>)
    at PluginManagerBase.runPluginMain (/Users/titoebiwonjumi/Documents/Vanderbilt Courses/Fall 2023/ModelIntegratedComputing/mic-miniproject/node_modules/webgme-engine/src/plugin/managerbase.js:313:36)
    at /Users/titoebiwonjumi/Documents/Vanderbilt Courses/Fall 2023/ModelIntegratedComputing/mic-miniproject/node_modules/webgme-engine/src/server/worker/workerrequests.js:299:31
    at _fulfilled (/Users/titoebiwonjumi/Documents/Vanderbilt Courses/Fall 2023/ModelIntegratedComputing/mic-miniproject/node_modules/q/q.js:854:54)
    at /Users/titoebiwonjumi/Documents/Vanderbilt Courses/Fall 2023/ModelIntegratedComputing/mic-miniproject/node_modules/q/q.js:883:30
    at Promise.promise.promiseDispatch (/Users/titoebiwonjumi/Documents/Vanderbilt Courses/Fall 2023/ModelIntegratedComputing/mic-miniproject/node_modules/q/q.js:816:13)
    at /Users/titoebiwonjumi/Documents/Vanderbilt Courses/Fall 2023/ModelIntegratedComputing/mic-miniproject/node_modules/q/q.js:624:44
    at runSingle (/Users/titoebiwonjumi/Documents/Vanderbilt Courses/Fall 2023/ModelIntegratedComputing/mic-miniproject/node_modules/q/q.js:137:13)
2023-12-11T04:32:06.671Z - error: [gme:server:worker:simpleworker:pid_70126:WorkerFunctions] plugin [othelloAuto] failed with error message=Cannot read properties of undefined (reading 'CoreZMQ'), stack=TypeError: Cannot read properties of undefined (reading 'CoreZMQ')
    at othelloAuto.main (/Users/titoebiwonjumi/Documents/Vanderbilt Courses/Fall 2023/ModelIntegratedComputing/mic-miniproject/src/plugins/othelloAuto/othelloAuto.js:65:51)
    at result (/Users/titoebiwonjumi/Documents/Vanderbilt Courses/Fall 2023/ModelIntegratedComputing/mic-miniproject/node_modules/webgme-engine/src/plugin/managerbase.js:314:32)
    at new Promise (<anonymous>)
    at PluginManagerBase.runPluginMain (/Users/titoebiwonjumi/Documents/Vanderbilt Courses/Fall 2023/ModelIntegratedComputing/mic-miniproject/node_modules/webgme-engine/src/plugin/managerbase.js:313:36)
    at /Users/titoebiwonjumi/Documents/Vanderbilt Courses/Fall 2023/ModelIntegratedComputing/mic-miniproject/node_modules/webgme-engine/src/server/worker/workerrequests.js:299:31
    at _fulfilled (/Users/titoebiwonjumi/Documents/Vanderbilt Courses/Fall 2023/ModelIntegratedComputing/mic-miniproject/node_modules/q/q.js:854:54)
    at /Users/titoebiwonjumi/Documents/Vanderbilt Courses/Fall 2023/ModelIntegratedComputing/mic-miniproject/node_modules/q/q.js:883:30
    at Promise.promise.promiseDispatch (/Users/titoebiwonjumi/Documents/Vanderbilt Courses/Fall 2023/ModelIntegratedComputing/mic-miniproject/node_modules/q/q.js:816:13)
    at /Users/titoebiwonjumi/Documents/Vanderbilt Courses/Fall 2023/ModelIntegratedComputing/mic-miniproject/node_modules/q/q.js:624:44
    at runSingle (/Users/titoebiwonjumi/Documents/Vanderbilt Courses/Fall 2023/ModelIntegratedComputing/mic-miniproject/node_modules/q/q.js:137:13)
2023-12-11T04:32:08.237Z - error: [gme:server:worker:simpleworker:pid_70126:WorkerFunctions] plugin [othelloAuto] failed with error message=Cannot read properties of undefined (reading 'CoreZMQ'), stack=TypeError: Cannot read properties of undefined (reading 'CoreZMQ')
    at othelloAuto.main (/Users/titoebiwonjumi/Documents/Vanderbilt Courses/Fall 2023/ModelIntegratedComputing/mic-miniproject/src/plugins/othelloAuto/othelloAuto.js:65:51)
    at result (/Users/titoebiwonjumi/Documents/Vanderbilt Courses/Fall 2023/ModelIntegratedComputing/mic-miniproject/node_modules/webgme-engine/src/plugin/managerbase.js:314:32)
    at new Promise (<anonymous>)
    at PluginManagerBase.runPluginMain (/Users/titoebiwonjumi/Documents/Vanderbilt Courses/Fall 2023/ModelIntegratedComputing/mic-miniproject/node_modules/webgme-engine/src/plugin/managerbase.js:313:36)
    at /Users/titoebiwonjumi/Documents/Vanderbilt Courses/Fall 2023/ModelIntegratedComputing/mic-miniproject/node_modules/webgme-engine/src/server/worker/workerrequests.js:299:31
    at _fulfilled (/Users/titoebiwonjumi/Documents/Vanderbilt Courses/Fall 2023/ModelIntegratedComputing/mic-miniproject/node_modules/q/q.js:854:54)
    at /Users/titoebiwonjumi/Documents/Vanderbilt Courses/Fall 2023/ModelIntegratedComputing/mic-miniproject/node_modules/q/q.js:883:30
    at Promise.promise.promiseDispatch (/Users/titoebiwonjumi/Documents/Vanderbilt Courses/Fall 2023/ModelIntegratedComputing/mic-miniproject/node_modules/q/q.js:816:13)
    at /Users/titoebiwonjumi/Documents/Vanderbilt Courses/Fall 2023/ModelIntegratedComputing/mic-miniproject/node_modules/q/q.js:624:44
    at runSingle (/Users/titoebiwonjumi/Documents/Vanderbilt Courses/Fall 2023/ModelIntegratedComputing/mic-miniproject/node_modules/q/q.js:137:13)
2023-12-11T04:32:08.450Z - error: [gme:server:worker:simpleworker:pid_70126:WorkerFunctions] plugin [othelloAuto] failed with error message=Cannot read properties of undefined (reading 'CoreZMQ'), stack=TypeError: Cannot read properties of undefined (reading 'CoreZMQ')
    at othelloAuto.main (/Users/titoebiwonjumi/Documents/Vanderbilt Courses/Fall 2023/ModelIntegratedComputing/mic-miniproject/src/plugins/othelloAuto/othelloAuto.js:65:51)
    at result (/Users/titoebiwonjumi/Documents/Vanderbilt Courses/Fall 2023/ModelIntegratedComputing/mic-miniproject/node_modules/webgme-engine/src/plugin/managerbase.js:314:32)
    at new Promise (<anonymous>)
    at PluginManagerBase.runPluginMain (/Users/titoebiwonjumi/Documents/Vanderbilt Courses/Fall 2023/ModelIntegratedComputing/mic-miniproject/node_modules/webgme-engine/src/plugin/managerbase.js:313:36)
    at /Users/titoebiwonjumi/Documents/Vanderbilt Courses/Fall 2023/ModelIntegratedComputing/mic-miniproject/node_modules/webgme-engine/src/server/worker/workerrequests.js:299:31
    at _fulfilled (/Users/titoebiwonjumi/Documents/Vanderbilt Courses/Fall 2023/ModelIntegratedComputing/mic-miniproject/node_modules/q/q.js:854:54)
    at /Users/titoebiwonjumi/Documents/Vanderbilt Courses/Fall 2023/ModelIntegratedComputing/mic-miniproject/node_modules/q/q.js:883:30
    at Promise.promise.promiseDispatch (/Users/titoebiwonjumi/Documents/Vanderbilt Courses/Fall 2023/ModelIntegratedComputing/mic-miniproject/node_modules/q/q.js:816:13)
    at /Users/titoebiwonjumi/Documents/Vanderbilt Courses/Fall 2023/ModelIntegratedComputing/mic-miniproject/node_modules/q/q.js:624:44
    at runSingle (/Users/titoebiwonjumi/Documents/Vanderbilt Courses/Fall 2023/ModelIntegratedComputing/mic-miniproject/node_modules/q/q.js:137:13)
2023-12-11T04:32:56.241Z - error: [gme:server:worker:simpleworker:pid_70126:WorkerFunctions] plugin [othelloAuto] failed with error message=Cannot read properties of undefined (reading 'CoreZMQ'), stack=TypeError: Cannot read properties of undefined (reading 'CoreZMQ')
    at othelloAuto.main (/Users/titoebiwonjumi/Documents/Vanderbilt Courses/Fall 2023/ModelIntegratedComputing/mic-miniproject/src/plugins/othelloAuto/othelloAuto.js:65:51)
    at result (/Users/titoebiwonjumi/Documents/Vanderbilt Courses/Fall 2023/ModelIntegratedComputing/mic-miniproject/node_modules/webgme-engine/src/plugin/managerbase.js:314:32)
    at new Promise (<anonymous>)
    at PluginManagerBase.runPluginMain (/Users/titoebiwonjumi/Documents/Vanderbilt Courses/Fall 2023/ModelIntegratedComputing/mic-miniproject/node_modules/webgme-engine/src/plugin/managerbase.js:313:36)
    at /Users/titoebiwonjumi/Documents/Vanderbilt Courses/Fall 2023/ModelIntegratedComputing/mic-miniproject/node_modules/webgme-engine/src/server/worker/workerrequests.js:299:31
    at _fulfilled (/Users/titoebiwonjumi/Documents/Vanderbilt Courses/Fall 2023/ModelIntegratedComputing/mic-miniproject/node_modules/q/q.js:854:54)
    at /Users/titoebiwonjumi/Documents/Vanderbilt Courses/Fall 2023/ModelIntegratedComputing/mic-miniproject/node_modules/q/q.js:883:30
    at Promise.promise.promiseDispatch (/Users/titoebiwonjumi/Documents/Vanderbilt Courses/Fall 2023/ModelIntegratedComputing/mic-miniproject/node_modules/q/q.js:816:13)
    at /Users/titoebiwonjumi/Documents/Vanderbilt Courses/Fall 2023/ModelIntegratedComputing/mic-miniproject/node_modules/q/q.js:624:44
    at runSingle (/Users/titoebiwonjumi/Documents/Vanderbilt Courses/Fall 2023/ModelIntegratedComputing/mic-miniproject/node_modules/q/q.js:137:13)
2023-12-11T04:35:59.801Z - error: [gme:server:worker:simpleworker:pid_70126:WorkerFunctions] plugin [othelloAuto] failed with error message=Cannot read properties of undefined (reading 'CoreZMQ'), stack=TypeError: Cannot read properties of undefined (reading 'CoreZMQ')
    at othelloAuto.main (/Users/titoebiwonjumi/Documents/Vanderbilt Courses/Fall 2023/ModelIntegratedComputing/mic-miniproject/src/plugins/othelloAuto/othelloAuto.js:65:51)
    at result (/Users/titoebiwonjumi/Documents/Vanderbilt Courses/Fall 2023/ModelIntegratedComputing/mic-miniproject/node_modules/webgme-engine/src/plugin/managerbase.js:314:32)
    at new Promise (<anonymous>)
    at PluginManagerBase.runPluginMain (/Users/titoebiwonjumi/Documents/Vanderbilt Courses/Fall 2023/ModelIntegratedComputing/mic-miniproject/node_modules/webgme-engine/src/plugin/managerbase.js:313:36)
    at /Users/titoebiwonjumi/Documents/Vanderbilt Courses/Fall 2023/ModelIntegratedComputing/mic-miniproject/node_modules/webgme-engine/src/server/worker/workerrequests.js:299:31
    at _fulfilled (/Users/titoebiwonjumi/Documents/Vanderbilt Courses/Fall 2023/ModelIntegratedComputing/mic-miniproject/node_modules/q/q.js:854:54)
    at /Users/titoebiwonjumi/Documents/Vanderbilt Courses/Fall 2023/ModelIntegratedComputing/mic-miniproject/node_modules/q/q.js:883:30
    at Promise.promise.promiseDispatch (/Users/titoebiwonjumi/Documents/Vanderbilt Courses/Fall 2023/ModelIntegratedComputing/mic-miniproject/node_modules/q/q.js:816:13)
    at /Users/titoebiwonjumi/Documents/Vanderbilt Courses/Fall 2023/ModelIntegratedComputing/mic-miniproject/node_modules/q/q.js:624:44
    at runSingle (/Users/titoebiwonjumi/Documents/Vanderbilt Courses/Fall 2023/ModelIntegratedComputing/mic-miniproject/node_modules/q/q.js:137:13)
2023-12-11T04:36:14.750Z - error: [gme:server:worker:simpleworker:pid_70126:WorkerFunctions] plugin [othelloAuto] failed with error message=Cannot read properties of undefined (reading 'CoreZMQ'), stack=TypeError: Cannot read properties of undefined (reading 'CoreZMQ')
    at othelloAuto.main (/Users/titoebiwonjumi/Documents/Vanderbilt Courses/Fall 2023/ModelIntegratedComputing/mic-miniproject/src/plugins/othelloAuto/othelloAuto.js:65:51)
    at result (/Users/titoebiwonjumi/Documents/Vanderbilt Courses/Fall 2023/ModelIntegratedComputing/mic-miniproject/node_modules/webgme-engine/src/plugin/managerbase.js:314:32)
    at new Promise (<anonymous>)
    at PluginManagerBase.runPluginMain (/Users/titoebiwonjumi/Documents/Vanderbilt Courses/Fall 2023/ModelIntegratedComputing/mic-miniproject/node_modules/webgme-engine/src/plugin/managerbase.js:313:36)
    at /Users/titoebiwonjumi/Documents/Vanderbilt Courses/Fall 2023/ModelIntegratedComputing/mic-miniproject/node_modules/webgme-engine/src/server/worker/workerrequests.js:299:31
    at _fulfilled (/Users/titoebiwonjumi/Documents/Vanderbilt Courses/Fall 2023/ModelIntegratedComputing/mic-miniproject/node_modules/q/q.js:854:54)
    at /Users/titoebiwonjumi/Documents/Vanderbilt Courses/Fall 2023/ModelIntegratedComputing/mic-miniproject/node_modules/q/q.js:883:30
    at Promise.promise.promiseDispatch (/Users/titoebiwonjumi/Documents/Vanderbilt Courses/Fall 2023/ModelIntegratedComputing/mic-miniproject/node_modules/q/q.js:816:13)
    at /Users/titoebiwonjumi/Documents/Vanderbilt Courses/Fall 2023/ModelIntegratedComputing/mic-miniproject/node_modules/q/q.js:624:44
    at runSingle (/Users/titoebiwonjumi/Documents/Vanderbilt Courses/Fall 2023/ModelIntegratedComputing/mic-miniproject/node_modules/q/q.js:137:13)
2023-12-11T04:36:22.708Z - error: [gme:server:worker:simpleworker:pid_70126:WorkerFunctions] plugin [othelloAuto] failed with error message=Cannot read properties of undefined (reading 'CoreZMQ'), stack=TypeError: Cannot read properties of undefined (reading 'CoreZMQ')
    at othelloAuto.main (/Users/titoebiwonjumi/Documents/Vanderbilt Courses/Fall 2023/ModelIntegratedComputing/mic-miniproject/src/plugins/othelloAuto/othelloAuto.js:65:51)
    at result (/Users/titoebiwonjumi/Documents/Vanderbilt Courses/Fall 2023/ModelIntegratedComputing/mic-miniproject/node_modules/webgme-engine/src/plugin/managerbase.js:314:32)
    at new Promise (<anonymous>)
    at PluginManagerBase.runPluginMain (/Users/titoebiwonjumi/Documents/Vanderbilt Courses/Fall 2023/ModelIntegratedComputing/mic-miniproject/node_modules/webgme-engine/src/plugin/managerbase.js:313:36)
    at /Users/titoebiwonjumi/Documents/Vanderbilt Courses/Fall 2023/ModelIntegratedComputing/mic-miniproject/node_modules/webgme-engine/src/server/worker/workerrequests.js:299:31
    at _fulfilled (/Users/titoebiwonjumi/Documents/Vanderbilt Courses/Fall 2023/ModelIntegratedComputing/mic-miniproject/node_modules/q/q.js:854:54)
    at /Users/titoebiwonjumi/Documents/Vanderbilt Courses/Fall 2023/ModelIntegratedComputing/mic-miniproject/node_modules/q/q.js:883:30
    at Promise.promise.promiseDispatch (/Users/titoebiwonjumi/Documents/Vanderbilt Courses/Fall 2023/ModelIntegratedComputing/mic-miniproject/node_modules/q/q.js:816:13)
    at /Users/titoebiwonjumi/Documents/Vanderbilt Courses/Fall 2023/ModelIntegratedComputing/mic-miniproject/node_modules/q/q.js:624:44
    at runSingle (/Users/titoebiwonjumi/Documents/Vanderbilt Courses/Fall 2023/ModelIntegratedComputing/mic-miniproject/node_modules/q/q.js:137:13)
2023-12-11T05:41:39.291Z - info: [gme] Node version v20.9.0
2023-12-11T05:41:39.292Z - info: [gme] Logfile [ info ] : /Users/titoebiwonjumi/Documents/Vanderbilt Courses/Fall 2023/ModelIntegratedComputing/mic-miniproject/server.log
2023-12-11T05:41:39.292Z - info: [gme] Logfile [ error ] : /Users/titoebiwonjumi/Documents/Vanderbilt Courses/Fall 2023/ModelIntegratedComputing/mic-miniproject/server-error.log
2023-12-11T05:41:39.313Z - info: [gme:server:standalone] Valid addresses of gme web server:  http://127.0.0.1:8888  http://10.76.212.74:8888
2023-12-11T05:41:39.533Z - info: [gme:server:standalone:middleware:BlobServer:BlobBackend] local-storage: /Users/titoebiwonjumi/Documents/Vanderbilt Courses/Fall 2023/ModelIntegratedComputing/mic-miniproject/blob-local-storage
2023-12-11T05:41:39.540Z - info: [gme:server:auth:gmeauth] connecting to: mongodb://127.0.0.1:27018/mongoWEBGME
2023-12-11T05:41:39.711Z - info: [gme:server:standalone:mongo] connecting to: mongodb://127.0.0.1:27018/mongoWEBGME
2023-12-11T05:41:40.076Z - info: [gme:server:standalone] Server is listening ...
2023-12-11T05:41:44.018Z - error: [gme:server:standalone:WebSocket] Error: Not authorized to read project [guest+othelloGame]
    at /Users/titoebiwonjumi/Documents/Vanderbilt Courses/Fall 2023/ModelIntegratedComputing/mic-miniproject/node_modules/webgme-engine/src/server/storage/safestorage.js:560:27
    at _fulfilled (/Users/titoebiwonjumi/Documents/Vanderbilt Courses/Fall 2023/ModelIntegratedComputing/mic-miniproject/node_modules/q/q.js:854:54)
    at /Users/titoebiwonjumi/Documents/Vanderbilt Courses/Fall 2023/ModelIntegratedComputing/mic-miniproject/node_modules/q/q.js:883:30
    at Promise.promise.promiseDispatch (/Users/titoebiwonjumi/Documents/Vanderbilt Courses/Fall 2023/ModelIntegratedComputing/mic-miniproject/node_modules/q/q.js:816:13)
    at /Users/titoebiwonjumi/Documents/Vanderbilt Courses/Fall 2023/ModelIntegratedComputing/mic-miniproject/node_modules/q/q.js:624:44
    at runSingle (/Users/titoebiwonjumi/Documents/Vanderbilt Courses/Fall 2023/ModelIntegratedComputing/mic-miniproject/node_modules/q/q.js:137:13)
    at flush (/Users/titoebiwonjumi/Documents/Vanderbilt Courses/Fall 2023/ModelIntegratedComputing/mic-miniproject/node_modules/q/q.js:125:13)
    at process.processTicksAndRejections (node:internal/process/task_queues:77:11) 
 Error: Caught by
    at /Users/titoebiwonjumi/Documents/Vanderbilt Courses/Fall 2023/ModelIntegratedComputing/mic-miniproject/node_modules/webgme-engine/src/server/storage/websocket.js:436:56
    at _rejected (/Users/titoebiwonjumi/Documents/Vanderbilt Courses/Fall 2023/ModelIntegratedComputing/mic-miniproject/node_modules/q/q.js:864:24)
    at /Users/titoebiwonjumi/Documents/Vanderbilt Courses/Fall 2023/ModelIntegratedComputing/mic-miniproject/node_modules/q/q.js:890:30
    at Promise.when (/Users/titoebiwonjumi/Documents/Vanderbilt Courses/Fall 2023/ModelIntegratedComputing/mic-miniproject/node_modules/q/q.js:1142:31)
    at Promise.promise.promiseDispatch (/Users/titoebiwonjumi/Documents/Vanderbilt Courses/Fall 2023/ModelIntegratedComputing/mic-miniproject/node_modules/q/q.js:808:41)
    at /Users/titoebiwonjumi/Documents/Vanderbilt Courses/Fall 2023/ModelIntegratedComputing/mic-miniproject/node_modules/q/q.js:624:44
    at runSingle (/Users/titoebiwonjumi/Documents/Vanderbilt Courses/Fall 2023/ModelIntegratedComputing/mic-miniproject/node_modules/q/q.js:137:13)
    at flush (/Users/titoebiwonjumi/Documents/Vanderbilt Courses/Fall 2023/ModelIntegratedComputing/mic-miniproject/node_modules/q/q.js:125:13)
    at process.processTicksAndRejections (node:internal/process/task_queues:77:11)
